#
# A fatal error has been detected by the Java Runtime Environment:
#
#  SIGSEGV (0xb) at pc=0x00007f48b482abfa, pid=17500, tid=0x00007f4873aed700
#
# JRE version: OpenJDK Runtime Environment (8.0_212-b01) (build 1.8.0_212-8u212-b01-1~deb9u1-b01)
# Java VM: OpenJDK 64-Bit Server VM (25.212-b01 mixed mode linux-amd64 compressed oops)
# Problematic frame:
# v  ~BufferBlob::jni_fast_GetLongField
#
# Failed to write core dump. Core dumps have been disabled. To enable core dumping, try "ulimit -c unlimited" before starting Java again
#
# If you would like to submit a bug report, please visit:
#   http://bugreport.java.com/bugreport/crash.jsp
# The crash happened outside the Java Virtual Machine in native code.
# See problematic frame for where to report the bug.
#

---------------  T H R E A D  ---------------

Current thread (0x00007f48c43bb000):  JavaThread "AWT-XAWT" daemon [_thread_in_native, id=17533, stack(0x00007f48739ed000,0x00007f4873aee000)]

siginfo: si_signo: 11 (SIGSEGV), si_code: 1 (SEGV_MAPERR), si_addr: 0x0000000000000000

Registers:
RAX=0x00007f48ca3361c0, RBX=0x00007f48c43bb1e0, RCX=0x0000000000000001, RDX=0x0000000000000042
RSP=0x00007f4873aec848, RBP=0x00007f4873aec870, RSI=0x0000000000000000, RDI=0x00007f48c43bb1e0
R8 =0x00000000d93ab768, R9 =0x0000000000000000, R10=0x0000000000000018, R11=0x00007f48b04bc840
R12=0x00007f4844038730, R13=0x0000000000000000, R14=0x00007f48b0c273a0, R15=0x00007f48c43bb000
RIP=0x00007f48b482abfa, EFLAGS=0x0000000000010246, CSGSFS=0x002b000000000033, ERR=0x0000000000000004
  TRAPNO=0x000000000000000e

Top of Stack: (sp=0x00007f4873aec848)
0x00007f4873aec848:   00007f48b09fd334 00007f48b332f7f8
0x00007f4873aec858:   00007f4844038730 00007f4873aec920
0x00007f4873aec868:   00007f4873aec8f0 0000000000000000
0x00007f4873aec878:   00007f48b04bc8b0 00007f48b332f7f8
0x00007f4873aec888:   00007f4873aec8b0 0000000000000000
0x00007f4873aec898:   00007f48b04b43d3 00007f4873aec920
0x00007f4873aec8a8:   00007f48b09f54cf 00007f4873aec900
0x00007f4873aec8b8:   00007f48b4bcb236 0000000000000000
0x00007f4873aec8c8:   00007f48b4b878f6 00007f4873aec920
0x00007f4873aec8d8:   00007f48b492402c 00007f4873aec980
0x00007f4873aec8e8:   00000000d96998e8 0000000085c01528
0x00007f4873aec8f8:   0000000000000009 00007f4873aec980
0x00007f4873aec908:   00007f48b47c87d0 00007f4873aec980
0x00007f4873aec918:   00007f48b47c87d0 0000000000000000
0x00007f4873aec928:   00007f48b47c8b10 00007f4860003060
0x00007f4873aec938:   00000000d93108c0 00007f4873aec940
0x00007f4873aec948:   00007f48b342e46c 00007f4873aec9c8
0x00007f4873aec958:   00007f48b3438028 0000000000000000
0x00007f4873aec968:   00007f48b342e5a8 00007f4873aec920
0x00007f4873aec978:   00007f4873aec9c0 00007f4873aeca10
0x00007f4873aec988:   00007f48b47c8ffd 0000000000000000
0x00007f4873aec998:   00000000d94041c8 0000000000000000
0x00007f4873aec9a8:   0000000000000000 0000000000000000
0x00007f4873aec9b8:   00000000d93108c0 0000000000000000
0x00007f4873aec9c8:   00000000d9306e10 00007f4873aec9d0
0x00007f4873aec9d8:   00007f48b342e2ad 00007f4873aeca20
0x00007f4873aec9e8:   00007f48b3438028 0000000000000000
0x00007f4873aec9f8:   00007f48b342e2b8 00007f4873aec9c0
0x00007f4873aeca08:   00007f4873aeca20 00007f4873aeca68
0x00007f4873aeca18:   00007f48b47c9042 00000000d9306e10
0x00007f4873aeca28:   00007f4873aeca28 00007f48b2efb6cb
0x00007f4873aeca38:   00007f4873aeca78 00007f48b2f833e8 

Instructions: (pc=0x00007f48b482abfa)
0x00007f48b482abda:   00 00 00 00 00 00 44 8b 15 d5 82 b3 15 4c 8b ce
0x00007f48b482abea:   41 f6 c2 01 0f 85 2e 00 00 00 4d 33 ca 4d 33 ca
0x00007f48b482abfa:   4d 8b 09 4c 8b da 49 c1 eb 02 4b 8b 04 19 49 bb
0x00007f48b482ac0a:   bc 2e 36 ca 48 7f 00 00 4c 33 d8 4c 33 d8 45 3b 

Register to memory mapping:

RAX=0x00007f48ca3361c0: <offset 0xf091c0> in /usr/lib/jvm/java-8-openjdk-amd64/jre/lib/amd64/server/libjvm.so at 0x00007f48c942d000
RBX=0x00007f48c43bb1e0 is an unknown value
RCX=0x0000000000000001 is an unknown value
RDX=0x0000000000000042 is an unknown value
RSP=0x00007f4873aec848 is pointing into the stack for thread: 0x00007f48c43bb000
RBP=0x00007f4873aec870 is pointing into the stack for thread: 0x00007f48c43bb000
RSI=0x0000000000000000 is an unknown value
RDI=0x00007f48c43bb1e0 is an unknown value
R8 =0x00000000d93ab768 is an oop
sun.util.logging.PlatformLogger$Level 
 - klass: 'sun/util/logging/PlatformLogger$Level'
R9 =0x0000000000000000 is an unknown value
R10=0x0000000000000018 is an unknown value
R11=0x00007f48b04bc840: _XimServerDestroy+0 in /usr/lib/x86_64-linux-gnu/libX11.so.6 at 0x00007f48b0453000
R12=0x00007f4844038730 is an unknown value
R13=0x0000000000000000 is an unknown value
R14=0x00007f48b0c273a0: <offset 0x25f3a0> in /usr/lib/jvm/java-8-openjdk-amd64/jre/lib/amd64/libawt_xawt.so at 0x00007f48b09c8000
R15=0x00007f48c43bb000 is a thread


Stack: [0x00007f48739ed000,0x00007f4873aee000],  sp=0x00007f4873aec848,  free space=1022k
Native frames: (J=compiled Java code, j=interpreted, Vv=VM code, C=native code)
v  ~BufferBlob::jni_fast_GetLongField
C  [libX11.so.6+0x698b0]  _XimServerDestroy+0x70

Java frames: (J=compiled Java code, j=interpreted, Vv=VM code)
J 1149  sun.awt.X11.XlibWrapper.XFilterEvent(JJ)Z (0 bytes) @ 0x00007f48b4bcb1c4 [0x00007f48b4bcb180+0x44]
j  sun.awt.X11.XToolkit.run(Z)V+300
j  sun.awt.X11.XToolkit.run()V+5
j  java.lang.Thread.run()V+11
v  ~StubRoutines::call_stub

---------------  P R O C E S S  ---------------

Java Threads: ( => current thread )
  0x00007f484405a000 JavaThread "TimerQueue" daemon [_thread_blocked, id=17549, stack(0x00007f48577fc000,0x00007f48578fd000)]
  0x00007f48c400c800 JavaThread "DestroyJavaVM" [_thread_blocked, id=17502, stack(0x00007f48cb063000,0x00007f48cb163000)]
  0x00007f4888001000 JavaThread "Attach Listener" daemon [_thread_blocked, id=17544, stack(0x00007f4857cfd000,0x00007f4857dfe000)]
  0x00007f4858002800 JavaThread "Thread-0" daemon [_thread_in_native, id=17536, stack(0x00007f485c3cc000,0x00007f485cbcc000)]
  0x00007f48c449d800 JavaThread "AWT-EventQueue-1" [_thread_blocked, id=17539, stack(0x00007f4857dfe000,0x00007f4857eff000)]
  0x00007f48c449b800 JavaThread "AWT-Shutdown" [_thread_blocked, id=17538, stack(0x00007f4857eff000,0x00007f4858000000)]
=>0x00007f48c43bb000 JavaThread "AWT-XAWT" daemon [_thread_in_native, id=17533, stack(0x00007f48739ed000,0x00007f4873aee000)]
  0x00007f48c4390800 JavaThread "Java2D Disposer" daemon [_thread_blocked, id=17532, stack(0x00007f4873eff000,0x00007f4874000000)]
  0x00007f48c4290000 JavaThread "Service Thread" daemon [_thread_blocked, id=17527, stack(0x00007f48b0ff9000,0x00007f48b10fa000)]
  0x00007f48c428b000 JavaThread "C1 CompilerThread2" daemon [_thread_blocked, id=17526, stack(0x00007f48b10fb000,0x00007f48b11fb000)]
  0x00007f48c4287800 JavaThread "C2 CompilerThread1" daemon [_thread_blocked, id=17525, stack(0x00007f48b1414000,0x00007f48b1514000)]
  0x00007f48c4285800 JavaThread "C2 CompilerThread0" daemon [_thread_blocked, id=17524, stack(0x00007f48b1515000,0x00007f48b1615000)]
  0x00007f48c4283000 JavaThread "Monitor Ctrl-Break" daemon [_thread_in_native, id=17523, stack(0x00007f48b1615000,0x00007f48b1716000)]
  0x00007f48c417f800 JavaThread "Signal Dispatcher" daemon [_thread_blocked, id=17522, stack(0x00007f48b17da000,0x00007f48b18db000)]
  0x00007f48c414d000 JavaThread "Finalizer" daemon [_thread_blocked, id=17515, stack(0x00007f48b1a76000,0x00007f48b1b77000)]
  0x00007f48c414a800 JavaThread "Reference Handler" daemon [_thread_blocked, id=17514, stack(0x00007f48b1b77000,0x00007f48b1c78000)]

Other Threads:
  0x00007f48c4141000 VMThread [stack: 0x00007f48b1c79000,0x00007f48b1d79000] [id=17512]
  0x00007f48c4292800 WatcherThread [stack: 0x00007f48b0ef9000,0x00007f48b0ff9000] [id=17528]

VM state:not at safepoint (normal execution)

VM Mutex/Monitor currently owned by a thread: None

heap address: 0x0000000085c00000, size: 1956 MB, Compressed Oops mode: 32-bit
Narrow klass base: 0x0000000000000000, Narrow klass shift: 3
Compressed class space size: 1073741824 Address: 0x0000000100000000

Heap:
 PSYoungGen      total 36864K, used 12487K [0x00000000d7400000, 0x00000000d9d00000, 0x0000000100000000)
  eden space 31744K, 26% used [0x00000000d7400000,0x00000000d7c17758,0x00000000d9300000)
  from space 5120K, 82% used [0x00000000d9300000,0x00000000d971a5a0,0x00000000d9800000)
  to   space 5120K, 0% used [0x00000000d9800000,0x00000000d9800000,0x00000000d9d00000)
 ParOldGen       total 84992K, used 16K [0x0000000085c00000, 0x000000008af00000, 0x00000000d7400000)
  object space 84992K, 0% used [0x0000000085c00000,0x0000000085c04000,0x000000008af00000)
 Metaspace       used 16142K, capacity 16468K, committed 16768K, reserved 1064960K
  class space    used 2002K, capacity 2147K, committed 2176K, reserved 1048576K

Card table byte_map: [0x00007f48b402e000,0x00007f48b4401000] byte_map_base: 0x00007f48b3c00000

Marking Bits: (ParMarkBitMap*) 0x00007f48ca3625a0
 Begin Bits: [0x00007f489c2e0000, 0x00007f489e170000)
 End Bits:   [0x00007f489e170000, 0x00007f48a0000000)

Polling page: 0x00007f48cb189000

CodeCache: size=245760Kb used=4124Kb max_used=4127Kb free=241635Kb
 bounds [0x00007f48b47c1000, 0x00007f48b4bd1000, 0x00007f48c37c1000]
 total_blobs=1747 nmethods=1149 adapters=512
 compilation: enabled

Compilation events (10 events):
Event: 234,992 Thread 0x00007f48c4285800 1144       4       sun.util.logging.PlatformLogger::isLoggable (38 bytes)
Event: 234,995 Thread 0x00007f48c4285800 nmethod 1144 0x00007f48b4bab7d0 code [0x00007f48b4bab940, 0x00007f48b4babab8]
Event: 247,772 Thread 0x00007f48c428b000 1145       3       java.util.Vector$Itr::hasNext (20 bytes)
Event: 247,773 Thread 0x00007f48c428b000 nmethod 1145 0x00007f48b4ba4110 code [0x00007f48b4ba4280, 0x00007f48b4ba4430]
Event: 254,932 Thread 0x00007f48c428b000 1146   !   3       java.util.Vector$Itr::next (63 bytes)
Event: 254,933 Thread 0x00007f48c428b000 nmethod 1146 0x00007f48b4ba3410 code [0x00007f48b4ba35c0, 0x00007f48b4ba3c38]
Event: 254,933 Thread 0x00007f48c428b000 1147       3       java.util.Vector$Itr::checkForComodification (23 bytes)
Event: 254,933 Thread 0x00007f48c428b000 nmethod 1147 0x00007f48b4ba2f90 code [0x00007f48b4ba3100, 0x00007f48b4ba3328]
Event: 255,437 Thread 0x00007f48c428b000 1148       3       java.lang.Long::longValue (5 bytes)
Event: 255,437 Thread 0x00007f48c428b000 nmethod 1148 0x00007f48b4ba2c90 code [0x00007f48b4ba2de0, 0x00007f48b4ba2f30]

GC Heap History (2 events):
Event: 1,555 GC heap before
{Heap before GC invocations=1 (full 0):
 PSYoungGen      total 36864K, used 31744K [0x00000000d7400000, 0x00000000d9d00000, 0x0000000100000000)
  eden space 31744K, 100% used [0x00000000d7400000,0x00000000d9300000,0x00000000d9300000)
  from space 5120K, 0% used [0x00000000d9800000,0x00000000d9800000,0x00000000d9d00000)
  to   space 5120K, 0% used [0x00000000d9300000,0x00000000d9300000,0x00000000d9800000)
 ParOldGen       total 84992K, used 0K [0x0000000085c00000, 0x000000008af00000, 0x00000000d7400000)
  object space 84992K, 0% used [0x0000000085c00000,0x0000000085c00000,0x000000008af00000)
 Metaspace       used 12986K, capacity 13258K, committed 13440K, reserved 1060864K
  class space    used 1514K, capacity 1597K, committed 1664K, reserved 1048576K
Event: 1,560 GC heap after
Heap after GC invocations=1 (full 0):
 PSYoungGen      total 36864K, used 4201K [0x00000000d7400000, 0x00000000d9d00000, 0x0000000100000000)
  eden space 31744K, 0% used [0x00000000d7400000,0x00000000d7400000,0x00000000d9300000)
  from space 5120K, 82% used [0x00000000d9300000,0x00000000d971a5a0,0x00000000d9800000)
  to   space 5120K, 0% used [0x00000000d9800000,0x00000000d9800000,0x00000000d9d00000)
 ParOldGen       total 84992K, used 16K [0x0000000085c00000, 0x000000008af00000, 0x00000000d7400000)
  object space 84992K, 0% used [0x0000000085c00000,0x0000000085c04000,0x000000008af00000)
 Metaspace       used 12986K, capacity 13258K, committed 13440K, reserved 1060864K
  class space    used 1514K, capacity 1597K, committed 1664K, reserved 1048576K
}

Deoptimization events (10 events):
Event: 1,473 Thread 0x00007f48c400c800 Uncommon trap: reason=unstable_if action=reinterpret pc=0x00007f48b4a3e72c method=java.io.BufferedReader.read()I @ 19
Event: 1,534 Thread 0x00007f48c400c800 Uncommon trap: reason=unstable_if action=reinterpret pc=0x00007f48b4a5e954 method=java.lang.CharacterData.of(I)Ljava/lang/CharacterData; @ 4
Event: 1,609 Thread 0x00007f48c400c800 Uncommon trap: reason=bimorphic action=maybe_recompile pc=0x00007f48b4ad69e8 method=java.util.HashMap.putVal(ILjava/lang/Object;Ljava/lang/Object;ZZ)Ljava/lang/Object; @ 253
Event: 1,609 Thread 0x00007f48c400c800 Uncommon trap: reason=class_check action=maybe_recompile pc=0x00007f48b4967aa0 method=java.lang.String.equals(Ljava/lang/Object;)Z @ 8
Event: 1,610 Thread 0x00007f48c400c800 Uncommon trap: reason=class_check action=maybe_recompile pc=0x00007f48b4967aa0 method=java.lang.String.equals(Ljava/lang/Object;)Z @ 8
Event: 1,610 Thread 0x00007f48c400c800 Uncommon trap: reason=class_check action=maybe_recompile pc=0x00007f48b4967aa0 method=java.lang.String.equals(Ljava/lang/Object;)Z @ 8
Event: 1,611 Thread 0x00007f48c400c800 Uncommon trap: reason=class_check action=maybe_recompile pc=0x00007f48b4967aa0 method=java.lang.String.equals(Ljava/lang/Object;)Z @ 8
Event: 1,665 Thread 0x00007f48c400c800 Uncommon trap: reason=unstable_if action=reinterpret pc=0x00007f48b4a3b65c method=java.io.UnixFileSystem.normalize(Ljava/lang/String;)Ljava/lang/String; @ 60
Event: 1,669 Thread 0x00007f48c46af000 Uncommon trap: reason=null_check action=make_not_entrant pc=0x00007f48b4adb60c method=java.lang.StringCoding.decode(Ljava/lang/String;[BII)[C @ 6
Event: 1,669 Thread 0x00007f48c46af000 Uncommon trap: reason=unstable_if action=reinterpret pc=0x00007f48b49b6760 method=sun.nio.cs.UTF_8$Encoder.encode([CII[B)I @ 33

Classes redefined (0 events):
No events

Internal exceptions (10 events):
Event: 0,100 Thread 0x00007f48c400c800 Exception <a 'java/security/PrivilegedActionException'> (0x00000000d764ed28) thrown at [/home/jmm/jdk/openjdk-8-8u212-b01/src/hotspot/src/share/vm/prims/jvm.cpp, line 1502]
Event: 0,100 Thread 0x00007f48c400c800 Exception <a 'java/security/PrivilegedActionException'> (0x00000000d764ef38) thrown at [/home/jmm/jdk/openjdk-8-8u212-b01/src/hotspot/src/share/vm/prims/jvm.cpp, line 1502]
Event: 0,136 Thread 0x00007f48c400c800 Exception <a 'java/lang/NoSuchFieldError': method resolution failed> (0x00000000d7832838) thrown at [/home/jmm/jdk/openjdk-8-8u212-b01/src/hotspot/src/share/vm/prims/methodHandles.cpp, line 1167]
Event: 0,139 Thread 0x00007f48c400c800 Exception <a 'java/lang/NoSuchFieldError': method resolution failed> (0x00000000d7840ae0) thrown at [/home/jmm/jdk/openjdk-8-8u212-b01/src/hotspot/src/share/vm/prims/methodHandles.cpp, line 1167]
Event: 0,161 Thread 0x00007f48c400c800 Exception <a 'java/io/FileNotFoundException'> (0x00000000d78e4110) thrown at [/home/jmm/jdk/openjdk-8-8u212-b01/src/hotspot/src/share/vm/prims/jni.cpp, line 710]
Event: 0,196 Thread 0x00007f48c400c800 Exception <a 'java/lang/ClassNotFoundException': sun/dc/DuctusRenderingEngine> (0x00000000d7965330) thrown at [/home/jmm/jdk/openjdk-8-8u212-b01/src/hotspot/src/share/vm/classfile/systemDictionary.cpp, line 210]
Event: 0,284 Thread 0x00007f48c400c800 Implicit null exception at 0x00007f48b48dd5d5 to 0x00007f48b48dd7a5
Event: 0,475 Thread 0x00007f48c449d800 Exception <a 'java/lang/UnsupportedOperationException': > (0x00000000d82ba6a0) thrown at [/home/jmm/jdk/openjdk-8-8u212-b01/src/hotspot/src/share/vm/prims/jni.cpp, line 736]
Event: 1,438 Thread 0x00007f48c447c800 Exception <a 'java/io/FileNotFoundException'> (0x00000000d7f2e490) thrown at [/home/jmm/jdk/openjdk-8-8u212-b01/src/hotspot/src/share/vm/prims/jni.cpp, line 710]
Event: 1,669 Thread 0x00007f48c46af000 Implicit null exception at 0x00007f48b4ada41f to 0x00007f48b4adb5fd

Events (10 events):
Event: 3,476 loading class java/util/concurrent/DelayQueue done
Event: 3,476 loading class java/util/PriorityQueue
Event: 3,476 loading class java/util/PriorityQueue done
Event: 3,476 loading class javax/swing/TimerQueue$1
Event: 3,476 loading class javax/swing/TimerQueue$1 done
Event: 3,476 Thread 0x00007f484405a000 Thread added: 0x00007f484405a000
Event: 4,097 Executing VM operation: EnableBiasedLocking
Event: 4,098 Executing VM operation: EnableBiasedLocking done
Event: 6,633 Thread 0x00007f48c447c800 Thread exited: 0x00007f48c447c800
Event: 60,264 Thread 0x00007f48c43cf000 Thread exited: 0x00007f48c43cf000


Dynamic libraries:
85c00000-8af00000 rw-p 00000000 00:00 0 
8af00000-d7400000 ---p 00000000 00:00 0 
d7400000-d9d00000 rw-p 00000000 00:00 0 
d9d00000-100000000 ---p 00000000 00:00 0 
100000000-100220000 rw-p 00000000 00:00 0 
100220000-140000000 ---p 00000000 00:00 0 
558fd4b31000-558fd4b32000 r-xp 00000000 08:06 3939643                    /usr/lib/jvm/java-8-openjdk-amd64/jre/bin/java
558fd4d31000-558fd4d32000 r--p 00000000 08:06 3939643                    /usr/lib/jvm/java-8-openjdk-amd64/jre/bin/java
558fd4d32000-558fd4d33000 rw-p 00001000 08:06 3939643                    /usr/lib/jvm/java-8-openjdk-amd64/jre/bin/java
558fd53e5000-558fd5406000 rw-p 00000000 00:00 0                          [heap]
7f483c000000-7f483c021000 rw-p 00000000 00:00 0 
7f483c021000-7f4840000000 ---p 00000000 00:00 0 
7f4844000000-7f4844061000 rw-p 00000000 00:00 0 
7f4844061000-7f4848000000 ---p 00000000 00:00 0 
7f4848000000-7f4848021000 rw-p 00000000 00:00 0 
7f4848021000-7f484c000000 ---p 00000000 00:00 0 
7f484c000000-7f484c021000 rw-p 00000000 00:00 0 
7f484c021000-7f4850000000 ---p 00000000 00:00 0 
7f4850000000-7f4850040000 rw-p 00000000 00:00 0 
7f4850040000-7f4854000000 ---p 00000000 00:00 0 
7f48575fc000-7f485763c000 rw-p 00000000 00:00 0 
7f485763c000-7f48577fc000 ---p 00000000 00:00 0 
7f48577fc000-7f48577ff000 ---p 00000000 00:00 0 
7f48577ff000-7f48578fd000 rw-p 00000000 00:00 0 
7f48578fd000-7f4857afd000 rw-p 00000000 00:00 0 
7f4857afd000-7f4857cfd000 rw-p 00000000 00:00 0 
7f4857cfd000-7f4857d00000 ---p 00000000 00:00 0 
7f4857d00000-7f4857dfe000 rw-p 00000000 00:00 0 
7f4857dfe000-7f4857e01000 ---p 00000000 00:00 0 
7f4857e01000-7f4857eff000 rw-p 00000000 00:00 0 
7f4857eff000-7f4857f02000 ---p 00000000 00:00 0 
7f4857f02000-7f4858000000 rw-p 00000000 00:00 0 
7f4858000000-7f4858021000 rw-p 00000000 00:00 0 
7f4858021000-7f485c000000 ---p 00000000 00:00 0 
7f485c08b000-7f485c0ca000 rw-s 00000000 00:05 13631491                   /SYSV00000000 (deleted)
7f485c0ca000-7f485c2ca000 rw-p 00000000 00:00 0 
7f485c2ca000-7f485c2cd000 ---p 00000000 00:00 0 
7f485c2cd000-7f485c3cb000 rw-p 00000000 00:00 0 
7f485c3cb000-7f485c3cc000 ---p 00000000 00:00 0 
7f485c3cc000-7f485c3cf000 ---p 00000000 00:00 0 
7f485c3cf000-7f485cbcc000 rw-p 00000000 00:00 0 
7f485cbcc000-7f485cbcd000 r--s 00000000 08:06 3276883                    /var/cache/fontconfig/588a141f52a60807c04143aedc63e678-le64.cache-4
7f485cbcd000-7f485cbd8000 r--s 00000000 08:06 3276885                    /var/cache/fontconfig/945677eb7aeaf62f1d50efc3fb3ec7d8-le64.cache-4
7f485cbd8000-7f485cbdd000 r--s 00000000 08:06 3276915                    /var/cache/fontconfig/99e8ed0e538f840c565b6ed5dad60d56-le64.cache-4
7f485cbdd000-7f485cbe0000 r--s 00000000 08:06 3276852                    /var/cache/fontconfig/f24b2111ab8703b4e963115a8cf14259-le64.cache-4
7f485cbe0000-7f485cbe1000 r--s 00000000 08:06 3276843                    /var/cache/fontconfig/36ff18d2956cd86e754d2db4d9e5ceed-le64.cache-4
7f485cbe1000-7f485cbe5000 r--s 00000000 08:06 3276839                    /var/cache/fontconfig/0fafd173547752dce4dee1a69e0b3c95-le64.cache-4
7f485cbe5000-7f485cbfa000 r--s 00000000 08:06 3276845                    /var/cache/fontconfig/04aabc0a78ac019cf9454389977116d2-le64.cache-4
7f485cbfa000-7f485cbfc000 r--s 00000000 08:06 3276874                    /var/cache/fontconfig/14a5e22175779b556eaa434240950366-le64.cache-4
7f485cbfc000-7f485cbfd000 r--s 00000000 08:06 3276876                    /var/cache/fontconfig/660208299946a285a940457d1287da33-le64.cache-4
7f485cbfd000-7f485cbff000 r--s 00000000 08:06 3276858                    /var/cache/fontconfig/69fb4bbe1b2fa860e172a32ebf28505c-le64.cache-4
7f485cbff000-7f485cc00000 r--s 00000000 08:06 3276841                    /var/cache/fontconfig/4794a0821666d79190d59a36cb4f44b5-le64.cache-4
7f485cc00000-7f485cc42000 r--s 00000000 08:06 3276881                    /var/cache/fontconfig/0bd3dc0958fa2205aaaa8ebb13e2872b-le64.cache-4
7f485cc42000-7f485cc48000 r--s 00000000 08:06 3276889                    /var/cache/fontconfig/8801497958630a81b71ace7c5f9b32a8-le64.cache-4
7f485cc48000-7f485cc4b000 r--s 00000000 08:06 3276895                    /var/cache/fontconfig/a015930274ffcd967d2ca1b57da47cc7-le64.cache-4
7f485cc4b000-7f485cc4c000 r--s 00000000 08:06 3276917                    /var/cache/fontconfig/b872e6e592da6075ffa4ab0a1fcc0c75-le64.cache-4
7f485cc4c000-7f485cc4d000 r--s 00000000 08:06 3276872                    /var/cache/fontconfig/f6d4eedfaab2589bde49f7a3ff831d22-le64.cache-4
7f485cc4d000-7f485cc4e000 r--s 00000000 08:06 3276897                    /var/cache/fontconfig/589f83ef4c36d296ce6e1c846f468f08-le64.cache-4
7f485cc4e000-7f485cc4f000 r--s 00000000 08:06 3276900                    /var/cache/fontconfig/bab58bb527bb656aaa9f116d68a48d89-le64.cache-4
7f485cc4f000-7f485cc50000 r--s 00000000 08:06 3276892                    /var/cache/fontconfig/c5c45a61289222e0d30b1a26ef4effbe-le64.cache-4
7f485cc50000-7f485cc51000 r--s 00000000 08:06 3276855                    /var/cache/fontconfig/aec30016f93e1b46d1a973dce0d74068-le64.cache-4
7f485cc51000-7f485cc52000 r--s 00000000 08:06 3276846                    /var/cache/fontconfig/3f589640d34b7dc9042c8d453f7c8b9c-le64.cache-4
7f485cc52000-7f485cc53000 r--s 00000000 08:06 3276891                    /var/cache/fontconfig/16c2fda60d1b4b719f4b3d06fd951d25-le64.cache-4
7f485cc53000-7f485cc54000 r--s 00000000 08:06 3276868                    /var/cache/fontconfig/a48eab177a16e4f3713381162db2f3e9-le64.cache-4
7f485cc54000-7f485cc55000 r--s 00000000 08:06 3276851                    /var/cache/fontconfig/564b2e68ac9bc4e36a6f7f6d6125ec1c-le64.cache-4
7f485cc55000-7f485cc5b000 r--s 00000000 08:06 3276898                    /var/cache/fontconfig/3047814df9a2f067bd2d96a2b9c36e5a-le64.cache-4
7f485cc5b000-7f485cc63000 r--s 00000000 08:06 3276905                    /var/cache/fontconfig/bf3b770c553c462765856025a94f1ce6-le64.cache-4
7f485cc63000-7f485cc68000 r--s 00000000 08:06 3276896                    /var/cache/fontconfig/d512a7b9f4305a5cce37c9b1a598863a-le64.cache-4
7f485cc68000-7f485cc69000 r--s 00000000 08:06 3276893                    /var/cache/fontconfig/b9d506c9ac06c20b433354fa67a72993-le64.cache-4
7f485cc69000-7f485cc7c000 r--s 00000000 08:06 3276894                    /var/cache/fontconfig/d52a8644073d54c13679302ca1180695-le64.cache-4
7f485cc7c000-7f485cc80000 r-xp 00000000 08:06 5114406                    /lib/x86_64-linux-gnu/libuuid.so.1.3.0
7f485cc80000-7f485ce7f000 ---p 00004000 08:06 5114406                    /lib/x86_64-linux-gnu/libuuid.so.1.3.0
7f485ce7f000-7f485ce80000 r--p 00003000 08:06 5114406                    /lib/x86_64-linux-gnu/libuuid.so.1.3.0
7f485ce80000-7f485ce81000 rw-p 00004000 08:06 5114406                    /lib/x86_64-linux-gnu/libuuid.so.1.3.0
7f485ce81000-7f485ceac000 r-xp 00000000 08:06 4331200                    /usr/lib/x86_64-linux-gnu/libgraphite2.so.3.0.1
7f485ceac000-7f485d0ab000 ---p 0002b000 08:06 4331200                    /usr/lib/x86_64-linux-gnu/libgraphite2.so.3.0.1
7f485d0ab000-7f485d0ad000 r--p 0002a000 08:06 4331200                    /usr/lib/x86_64-linux-gnu/libgraphite2.so.3.0.1
7f485d0ad000-7f485d0ae000 rw-p 0002c000 08:06 4331200                    /usr/lib/x86_64-linux-gnu/libgraphite2.so.3.0.1
7f485d0ae000-7f485d0ef000 r-xp 00000000 08:06 5114249                    /lib/x86_64-linux-gnu/libblkid.so.1.1.0
7f485d0ef000-7f485d2ee000 ---p 00041000 08:06 5114249                    /lib/x86_64-linux-gnu/libblkid.so.1.1.0
7f485d2ee000-7f485d2f2000 r--p 00040000 08:06 5114249                    /lib/x86_64-linux-gnu/libblkid.so.1.1.0
7f485d2f2000-7f485d2f3000 rw-p 00044000 08:06 5114249                    /lib/x86_64-linux-gnu/libblkid.so.1.1.0
7f485d2f3000-7f485d2f4000 rw-p 00000000 00:00 0 
7f485d2f4000-7f485d307000 r-xp 00000000 08:06 5114294                    /lib/x86_64-linux-gnu/libgpg-error.so.0.21.0
7f485d307000-7f485d506000 ---p 00013000 08:06 5114294                    /lib/x86_64-linux-gnu/libgpg-error.so.0.21.0
7f485d506000-7f485d507000 r--p 00012000 08:06 5114294                    /lib/x86_64-linux-gnu/libgpg-error.so.0.21.0
7f485d507000-7f485d508000 rw-p 00013000 08:06 5114294                    /lib/x86_64-linux-gnu/libgpg-error.so.0.21.0
7f485d508000-7f485d50f000 r-xp 00000000 08:06 4330957                    /usr/lib/x86_64-linux-gnu/libdatrie.so.1.3.3
7f485d50f000-7f485d70e000 ---p 00007000 08:06 4330957                    /usr/lib/x86_64-linux-gnu/libdatrie.so.1.3.3
7f485d70e000-7f485d70f000 r--p 00006000 08:06 4330957                    /usr/lib/x86_64-linux-gnu/libdatrie.so.1.3.3
7f485d70f000-7f485d710000 rw-p 00007000 08:06 4330957                    /usr/lib/x86_64-linux-gnu/libdatrie.so.1.3.3
7f485d710000-7f485d7a3000 r-xp 00000000 08:06 4331282                    /usr/lib/x86_64-linux-gnu/libharfbuzz.so.0.10400.2
7f485d7a3000-7f485d9a2000 ---p 00093000 08:06 4331282                    /usr/lib/x86_64-linux-gnu/libharfbuzz.so.0.10400.2
7f485d9a2000-7f485d9a4000 r--p 00092000 08:06 4331282                    /usr/lib/x86_64-linux-gnu/libharfbuzz.so.0.10400.2
7f485d9a4000-7f485d9a5000 rw-p 00094000 08:06 4331282                    /usr/lib/x86_64-linux-gnu/libharfbuzz.so.0.10400.2
7f485d9a5000-7f485d9cc000 r-xp 00000000 08:06 5114281                    /lib/x86_64-linux-gnu/libexpat.so.1.6.2
7f485d9cc000-7f485dbcc000 ---p 00027000 08:06 5114281                    /lib/x86_64-linux-gnu/libexpat.so.1.6.2
7f485dbcc000-7f485dbce000 r--p 00027000 08:06 5114281                    /lib/x86_64-linux-gnu/libexpat.so.1.6.2
7f485dbce000-7f485dbcf000 rw-p 00029000 08:06 5114281                    /lib/x86_64-linux-gnu/libexpat.so.1.6.2
7f485dbcf000-7f485dc19000 r-xp 00000000 08:06 5114318                    /lib/x86_64-linux-gnu/libmount.so.1.1.0
7f485dc19000-7f485de19000 ---p 0004a000 08:06 5114318                    /lib/x86_64-linux-gnu/libmount.so.1.1.0
7f485de19000-7f485de1a000 r--p 0004a000 08:06 5114318                    /lib/x86_64-linux-gnu/libmount.so.1.1.0
7f485de1a000-7f485de1b000 rw-p 0004b000 08:06 5114318                    /lib/x86_64-linux-gnu/libmount.so.1.1.0
7f485de1b000-7f485de1d000 rw-p 00000000 00:00 0 
7f485de1d000-7f485de31000 r-xp 00000000 08:06 5114375                    /lib/x86_64-linux-gnu/libresolv-2.24.so
7f485de31000-7f485e030000 ---p 00014000 08:06 5114375                    /lib/x86_64-linux-gnu/libresolv-2.24.so
7f485e030000-7f485e031000 r--p 00013000 08:06 5114375                    /lib/x86_64-linux-gnu/libresolv-2.24.so
7f485e031000-7f485e032000 rw-p 00014000 08:06 5114375                    /lib/x86_64-linux-gnu/libresolv-2.24.so
7f485e032000-7f485e034000 rw-p 00000000 00:00 0 
7f485e034000-7f485e13b000 r-xp 00000000 08:06 5114290                    /lib/x86_64-linux-gnu/libgcrypt.so.20.1.6
7f485e13b000-7f485e33b000 ---p 00107000 08:06 5114290                    /lib/x86_64-linux-gnu/libgcrypt.so.20.1.6
7f485e33b000-7f485e33d000 r--p 00107000 08:06 5114290                    /lib/x86_64-linux-gnu/libgcrypt.so.20.1.6
7f485e33d000-7f485e344000 rw-p 00109000 08:06 5114290                    /lib/x86_64-linux-gnu/libgcrypt.so.20.1.6
7f485e344000-7f485e355000 r-xp 00000000 08:06 4331509                    /usr/lib/x86_64-linux-gnu/liblz4.so.1.7.1
7f485e355000-7f485e554000 ---p 00011000 08:06 4331509                    /usr/lib/x86_64-linux-gnu/liblz4.so.1.7.1
7f485e554000-7f485e555000 r--p 00010000 08:06 4331509                    /usr/lib/x86_64-linux-gnu/liblz4.so.1.7.1
7f485e555000-7f485e556000 rw-p 00011000 08:06 4331509                    /usr/lib/x86_64-linux-gnu/liblz4.so.1.7.1
7f485e556000-7f485e57b000 r-xp 00000000 08:06 5114309                    /lib/x86_64-linux-gnu/liblzma.so.5.2.2
7f485e57b000-7f485e77a000 ---p 00025000 08:06 5114309                    /lib/x86_64-linux-gnu/liblzma.so.5.2.2
7f485e77a000-7f485e77b000 r--p 00024000 08:06 5114309                    /lib/x86_64-linux-gnu/liblzma.so.5.2.2
7f485e77b000-7f485e77c000 rw-p 00025000 08:06 5114309                    /lib/x86_64-linux-gnu/liblzma.so.5.2.2
7f485e77c000-7f485e7a1000 r-xp 00000000 08:06 5114381                    /lib/x86_64-linux-gnu/libselinux.so.1
7f485e7a1000-7f485e9a0000 ---p 00025000 08:06 5114381                    /lib/x86_64-linux-gnu/libselinux.so.1
7f485e9a0000-7f485e9a1000 r--p 00024000 08:06 5114381                    /lib/x86_64-linux-gnu/libselinux.so.1
7f485e9a1000-7f485e9a2000 rw-p 00025000 08:06 5114381                    /lib/x86_64-linux-gnu/libselinux.so.1
7f485e9a2000-7f485e9a4000 rw-p 00000000 00:00 0 
7f485e9a4000-7f485ea16000 r-xp 00000000 08:06 5114364                    /lib/x86_64-linux-gnu/libpcre.so.3.13.3
7f485ea16000-7f485ec15000 ---p 00072000 08:06 5114364                    /lib/x86_64-linux-gnu/libpcre.so.3.13.3
7f485ec15000-7f485ec16000 r--p 00071000 08:06 5114364                    /lib/x86_64-linux-gnu/libpcre.so.3.13.3
7f485ec16000-7f485ec17000 rw-p 00072000 08:06 5114364                    /lib/x86_64-linux-gnu/libpcre.so.3.13.3
7f485ec17000-7f485ec1e000 r-xp 00000000 08:06 4331077                    /usr/lib/x86_64-linux-gnu/libffi.so.6.0.4
7f485ec1e000-7f485ee1e000 ---p 00007000 08:06 4331077                    /usr/lib/x86_64-linux-gnu/libffi.so.6.0.4
7f485ee1e000-7f485ee1f000 r--p 00007000 08:06 4331077                    /usr/lib/x86_64-linux-gnu/libffi.so.6.0.4
7f485ee1f000-7f485ee20000 rw-p 00008000 08:06 4331077                    /usr/lib/x86_64-linux-gnu/libffi.so.6.0.4
7f485ee20000-7f485ee2c000 r-xp 00000000 08:06 4332184                    /usr/lib/x86_64-linux-gnu/libxcb-render.so.0.0.0
7f485ee2c000-7f485f02c000 ---p 0000c000 08:06 4332184                    /usr/lib/x86_64-linux-gnu/libxcb-render.so.0.0.0
7f485f02c000-7f485f02d000 r--p 0000c000 08:06 4332184                    /usr/lib/x86_64-linux-gnu/libxcb-render.so.0.0.0
7f485f02d000-7f485f02e000 rw-p 0000d000 08:06 4332184                    /usr/lib/x86_64-linux-gnu/libxcb-render.so.0.0.0
7f485f02e000-7f485f030000 r-xp 00000000 08:06 4332188                    /usr/lib/x86_64-linux-gnu/libxcb-shm.so.0.0.0
7f485f030000-7f485f230000 ---p 00002000 08:06 4332188                    /usr/lib/x86_64-linux-gnu/libxcb-shm.so.0.0.0
7f485f230000-7f485f231000 r--p 00002000 08:06 4332188                    /usr/lib/x86_64-linux-gnu/libxcb-shm.so.0.0.0
7f485f231000-7f485f232000 rw-p 00003000 08:06 4332188                    /usr/lib/x86_64-linux-gnu/libxcb-shm.so.0.0.0
7f485f232000-7f485f2d0000 r-xp 00000000 08:06 4331735                    /usr/lib/x86_64-linux-gnu/libpixman-1.so.0.34.0
7f485f2d0000-7f485f4d0000 ---p 0009e000 08:06 4331735                    /usr/lib/x86_64-linux-gnu/libpixman-1.so.0.34.0
7f485f4d0000-7f485f4d8000 r--p 0009e000 08:06 4331735                    /usr/lib/x86_64-linux-gnu/libpixman-1.so.0.34.0
7f485f4d8000-7f485f4d9000 rw-p 000a6000 08:06 4331735                    /usr/lib/x86_64-linux-gnu/libpixman-1.so.0.34.0
7f485f4d9000-7f485f4e1000 r-xp 00000000 08:06 4332008                    /usr/lib/x86_64-linux-gnu/libthai.so.0.3.0
7f485f4e1000-7f485f6e1000 ---p 00008000 08:06 4332008                    /usr/lib/x86_64-linux-gnu/libthai.so.0.3.0
7f485f6e1000-7f485f6e2000 r--p 00008000 08:06 4332008                    /usr/lib/x86_64-linux-gnu/libthai.so.0.3.0
7f485f6e2000-7f485f6e3000 rw-p 00009000 08:06 4332008                    /usr/lib/x86_64-linux-gnu/libthai.so.0.3.0
7f485f6e3000-7f485f6f7000 r-xp 00000000 08:06 4331705                    /usr/lib/x86_64-linux-gnu/libpangoft2-1.0.so.0.4000.5
7f485f6f7000-7f485f8f7000 ---p 00014000 08:06 4331705                    /usr/lib/x86_64-linux-gnu/libpangoft2-1.0.so.0.4000.5
7f485f8f7000-7f485f8f8000 r--p 00014000 08:06 4331705                    /usr/lib/x86_64-linux-gnu/libpangoft2-1.0.so.0.4000.5
7f485f8f8000-7f485f8f9000 rw-p 00015000 08:06 4331705                    /usr/lib/x86_64-linux-gnu/libpangoft2-1.0.so.0.4000.5
7f485f8f9000-7f485f9e2000 r-xp 00000000 08:06 4331032                    /usr/lib/x86_64-linux-gnu/libepoxy.so.0.0.0
7f485f9e2000-7f485fbe1000 ---p 000e9000 08:06 4331032                    /usr/lib/x86_64-linux-gnu/libepoxy.so.0.0.0
7f485fbe1000-7f485fbe8000 r--p 000e8000 08:06 4331032                    /usr/lib/x86_64-linux-gnu/libepoxy.so.0.0.0
7f485fbe8000-7f485fbef000 rw-p 000ef000 08:06 4331032                    /usr/lib/x86_64-linux-gnu/libepoxy.so.0.0.0
7f485fbef000-7f485fbfc000 r-xp 00000000 08:06 4332116                    /usr/lib/x86_64-linux-gnu/libwayland-client.so.0.3.0
7f485fbfc000-7f485fdfb000 ---p 0000d000 08:06 4332116                    /usr/lib/x86_64-linux-gnu/libwayland-client.so.0.3.0
7f485fdfb000-7f485fdfd000 r--p 0000c000 08:06 4332116                    /usr/lib/x86_64-linux-gnu/libwayland-client.so.0.3.0
7f485fdfd000-7f485fdfe000 rw-p 0000e000 08:06 4332116                    /usr/lib/x86_64-linux-gnu/libwayland-client.so.0.3.0
7f485fdfe000-7f485fdff000 r-xp 00000000 08:06 4332120                    /usr/lib/x86_64-linux-gnu/libwayland-egl.so.1.0.0
7f485fdff000-7f485fffe000 ---p 00001000 08:06 4332120                    /usr/lib/x86_64-linux-gnu/libwayland-egl.so.1.0.0
7f485fffe000-7f485ffff000 r--p 00000000 08:06 4332120                    /usr/lib/x86_64-linux-gnu/libwayland-egl.so.1.0.0
7f485ffff000-7f4860000000 rw-p 00001000 08:06 4332120                    /usr/lib/x86_64-linux-gnu/libwayland-egl.so.1.0.0
7f4860000000-7f486002e000 rw-p 00000000 00:00 0 
7f486002e000-7f4864000000 ---p 00000000 00:00 0 
7f4864000000-7f4864021000 rw-p 00000000 00:00 0 
7f4864021000-7f4868000000 ---p 00000000 00:00 0 
7f4868000000-7f4868021000 rw-p 00000000 00:00 0 
7f4868021000-7f486c000000 ---p 00000000 00:00 0 
7f486c000000-7f486c021000 rw-p 00000000 00:00 0 
7f486c021000-7f4870000000 ---p 00000000 00:00 0 
7f4870000000-7f4870006000 r--s 00000000 08:06 3276888                    /var/cache/fontconfig/b47c4e1ecd0709278f4910c18777a504-le64.cache-4
7f4870006000-7f4870008000 r--s 00000000 08:06 3276911                    /var/cache/fontconfig/a0107c79d978dfcc5e42cb1335b71036-le64.cache-4
7f4870008000-7f487000b000 r--s 00000000 08:06 3276860                    /var/cache/fontconfig/e49e89034d371f0f9de17aab02136486-le64.cache-4
7f487000b000-7f487000f000 r-xp 00000000 08:06 4332118                    /usr/lib/x86_64-linux-gnu/libwayland-cursor.so.0.0.0
7f487000f000-7f487020e000 ---p 00004000 08:06 4332118                    /usr/lib/x86_64-linux-gnu/libwayland-cursor.so.0.0.0
7f487020e000-7f487020f000 r--p 00003000 08:06 4332118                    /usr/lib/x86_64-linux-gnu/libwayland-cursor.so.0.0.0
7f487020f000-7f4870213000 rw-p 00004000 08:06 4332118                    /usr/lib/x86_64-linux-gnu/libwayland-cursor.so.0.0.0
7f4870213000-7f4870251000 r-xp 00000000 08:06 4332222                    /usr/lib/x86_64-linux-gnu/libxkbcommon.so.0.0.0
7f4870251000-7f4870450000 ---p 0003e000 08:06 4332222                    /usr/lib/x86_64-linux-gnu/libxkbcommon.so.0.0.0
7f4870450000-7f4870452000 r--p 0003d000 08:06 4332222                    /usr/lib/x86_64-linux-gnu/libxkbcommon.so.0.0.0
7f4870452000-7f4870453000 rw-p 0003f000 08:06 4332222                    /usr/lib/x86_64-linux-gnu/libxkbcommon.so.0.0.0
7f4870453000-7f4870455000 r-xp 00000000 08:06 4330733                    /usr/lib/x86_64-linux-gnu/libXdamage.so.1.1.0
7f4870455000-7f4870654000 ---p 00002000 08:06 4330733                    /usr/lib/x86_64-linux-gnu/libXdamage.so.1.1.0
7f4870654000-7f4870655000 r--p 00001000 08:06 4330733                    /usr/lib/x86_64-linux-gnu/libXdamage.so.1.1.0
7f4870655000-7f4870656000 rw-p 00002000 08:06 4330733                    /usr/lib/x86_64-linux-gnu/libXdamage.so.1.1.0
7f4870656000-7f4870658000 r-xp 00000000 08:06 4330729                    /usr/lib/x86_64-linux-gnu/libXcomposite.so.1.0.0
7f4870658000-7f4870857000 ---p 00002000 08:06 4330729                    /usr/lib/x86_64-linux-gnu/libXcomposite.so.1.0.0
7f4870857000-7f4870858000 r--p 00001000 08:06 4330729                    /usr/lib/x86_64-linux-gnu/libXcomposite.so.1.0.0
7f4870858000-7f4870859000 rw-p 00002000 08:06 4330729                    /usr/lib/x86_64-linux-gnu/libXcomposite.so.1.0.0
7f4870859000-7f4870863000 r-xp 00000000 08:06 4330757                    /usr/lib/x86_64-linux-gnu/libXrandr.so.2.2.0
7f4870863000-7f4870a62000 ---p 0000a000 08:06 4330757                    /usr/lib/x86_64-linux-gnu/libXrandr.so.2.2.0
7f4870a62000-7f4870a63000 r--p 00009000 08:06 4330757                    /usr/lib/x86_64-linux-gnu/libXrandr.so.2.2.0
7f4870a63000-7f4870a64000 rw-p 0000a000 08:06 4330757                    /usr/lib/x86_64-linux-gnu/libXrandr.so.2.2.0
7f4870a64000-7f4870a66000 r-xp 00000000 08:06 4330749                    /usr/lib/x86_64-linux-gnu/libXinerama.so.1.0.0
7f4870a66000-7f4870c65000 ---p 00002000 08:06 4330749                    /usr/lib/x86_64-linux-gnu/libXinerama.so.1.0.0
7f4870c65000-7f4870c66000 r--p 00001000 08:06 4330749                    /usr/lib/x86_64-linux-gnu/libXinerama.so.1.0.0
7f4870c66000-7f4870c67000 rw-p 00002000 08:06 4330749                    /usr/lib/x86_64-linux-gnu/libXinerama.so.1.0.0
7f4870c67000-7f4870ca3000 r-xp 00000000 08:06 4331093                    /usr/lib/x86_64-linux-gnu/libfontconfig.so.1.8.0
7f4870ca3000-7f4870ea2000 ---p 0003c000 08:06 4331093                    /usr/lib/x86_64-linux-gnu/libfontconfig.so.1.8.0
7f4870ea2000-7f4870ea4000 r--p 0003b000 08:06 4331093                    /usr/lib/x86_64-linux-gnu/libfontconfig.so.1.8.0
7f4870ea4000-7f4870ea5000 rw-p 0003d000 08:06 4331093                    /usr/lib/x86_64-linux-gnu/libfontconfig.so.1.8.0
7f4870ea5000-7f4871032000 r-xp 00000000 08:06 4331153                    /usr/lib/x86_64-linux-gnu/libgio-2.0.so.0.5000.3
7f4871032000-7f4871232000 ---p 0018d000 08:06 4331153                    /usr/lib/x86_64-linux-gnu/libgio-2.0.so.0.5000.3
7f4871232000-7f4871237000 r--p 0018d000 08:06 4331153                    /usr/lib/x86_64-linux-gnu/libgio-2.0.so.0.5000.3
7f4871237000-7f487123a000 rw-p 00192000 08:06 4331153                    /usr/lib/x86_64-linux-gnu/libgio-2.0.so.0.5000.3
7f487123a000-7f487123b000 rw-p 00000000 00:00 0 
7f487123b000-7f487123e000 r-xp 00000000 08:06 4331171                    /usr/lib/x86_64-linux-gnu/libgmodule-2.0.so.0.5000.3
7f487123e000-7f487143d000 ---p 00003000 08:06 4331171                    /usr/lib/x86_64-linux-gnu/libgmodule-2.0.so.0.5000.3
7f487143d000-7f487143e000 r--p 00002000 08:06 4331171                    /usr/lib/x86_64-linux-gnu/libgmodule-2.0.so.0.5000.3
7f487143e000-7f487143f000 rw-p 00003000 08:06 4331171                    /usr/lib/x86_64-linux-gnu/libgmodule-2.0.so.0.5000.3
7f487143f000-7f4871551000 r-xp 00000000 08:06 5114292                    /lib/x86_64-linux-gnu/libglib-2.0.so.0.5000.3
7f4871551000-7f4871750000 ---p 00112000 08:06 5114292                    /lib/x86_64-linux-gnu/libglib-2.0.so.0.5000.3
7f4871750000-7f4871751000 r--p 00111000 08:06 5114292                    /lib/x86_64-linux-gnu/libglib-2.0.so.0.5000.3
7f4871751000-7f4871752000 rw-p 00112000 08:06 5114292                    /lib/x86_64-linux-gnu/libglib-2.0.so.0.5000.3
7f4871752000-7f4871753000 rw-p 00000000 00:00 0 
7f4871753000-7f48717a5000 r-xp 00000000 08:06 4331179                    /usr/lib/x86_64-linux-gnu/libgobject-2.0.so.0.5000.3
7f48717a5000-7f48719a4000 ---p 00052000 08:06 4331179                    /usr/lib/x86_64-linux-gnu/libgobject-2.0.so.0.5000.3
7f48719a4000-7f48719a5000 r--p 00051000 08:06 4331179                    /usr/lib/x86_64-linux-gnu/libgobject-2.0.so.0.5000.3
7f48719a5000-7f48719a6000 rw-p 00052000 08:06 4331179                    /usr/lib/x86_64-linux-gnu/libgobject-2.0.so.0.5000.3
7f48719a6000-7f4871ab4000 r-xp 00000000 08:06 4330891                    /usr/lib/x86_64-linux-gnu/libcairo.so.2.11400.8
7f4871ab4000-7f4871cb4000 ---p 0010e000 08:06 4330891                    /usr/lib/x86_64-linux-gnu/libcairo.so.2.11400.8
7f4871cb4000-7f4871cb7000 r--p 0010e000 08:06 4330891                    /usr/lib/x86_64-linux-gnu/libcairo.so.2.11400.8
7f4871cb7000-7f4871cb8000 rw-p 00111000 08:06 4330891                    /usr/lib/x86_64-linux-gnu/libcairo.so.2.11400.8
7f4871cb8000-7f4871cba000 rw-p 00000000 00:00 0 
7f4871cba000-7f4871cc0000 r-xp 00000000 08:06 4330889                    /usr/lib/x86_64-linux-gnu/libcairo-gobject.so.2.11400.8
7f4871cc0000-7f4871ec0000 ---p 00006000 08:06 4330889                    /usr/lib/x86_64-linux-gnu/libcairo-gobject.so.2.11400.8
7f4871ec0000-7f4871ec2000 r--p 00006000 08:06 4330889                    /usr/lib/x86_64-linux-gnu/libcairo-gobject.so.2.11400.8
7f4871ec2000-7f4871ec3000 rw-p 00008000 08:06 4330889                    /usr/lib/x86_64-linux-gnu/libcairo-gobject.so.2.11400.8
7f4871ec3000-7f4871ee5000 r-xp 00000000 08:06 4331137                    /usr/lib/x86_64-linux-gnu/libgdk_pixbuf-2.0.so.0.3600.5
7f4871ee5000-7f48720e5000 ---p 00022000 08:06 4331137                    /usr/lib/x86_64-linux-gnu/libgdk_pixbuf-2.0.so.0.3600.5
7f48720e5000-7f48720e6000 r--p 00022000 08:06 4331137                    /usr/lib/x86_64-linux-gnu/libgdk_pixbuf-2.0.so.0.3600.5
7f48720e6000-7f48720e7000 rw-p 00023000 08:06 4331137                    /usr/lib/x86_64-linux-gnu/libgdk_pixbuf-2.0.so.0.3600.5
7f48720e7000-7f4872130000 r-xp 00000000 08:06 4331701                    /usr/lib/x86_64-linux-gnu/libpango-1.0.so.0.4000.5
7f4872130000-7f487232f000 ---p 00049000 08:06 4331701                    /usr/lib/x86_64-linux-gnu/libpango-1.0.so.0.4000.5
7f487232f000-7f4872332000 r--p 00048000 08:06 4331701                    /usr/lib/x86_64-linux-gnu/libpango-1.0.so.0.4000.5
7f4872332000-7f4872333000 rw-p 0004b000 08:06 4331701                    /usr/lib/x86_64-linux-gnu/libpango-1.0.so.0.4000.5
7f4872333000-7f487233f000 r-xp 00000000 08:06 4331703                    /usr/lib/x86_64-linux-gnu/libpangocairo-1.0.so.0.4000.5
7f487233f000-7f487253e000 ---p 0000c000 08:06 4331703                    /usr/lib/x86_64-linux-gnu/libpangocairo-1.0.so.0.4000.5
7f487253e000-7f487253f000 r--p 0000b000 08:06 4331703                    /usr/lib/x86_64-linux-gnu/libpangocairo-1.0.so.0.4000.5
7f487253f000-7f4872540000 rw-p 0000c000 08:06 4331703                    /usr/lib/x86_64-linux-gnu/libpangocairo-1.0.so.0.4000.5
7f4872540000-7f487262e000 r-xp 00000000 08:06 4331133                    /usr/lib/x86_64-linux-gnu/libgdk-3.so.0.2200.11
7f487262e000-7f487282d000 ---p 000ee000 08:06 4331133                    /usr/lib/x86_64-linux-gnu/libgdk-3.so.0.2200.11
7f487282d000-7f4872833000 r--p 000ed000 08:06 4331133                    /usr/lib/x86_64-linux-gnu/libgdk-3.so.0.2200.11
7f4872833000-7f4872836000 rw-p 000f3000 08:06 4331133                    /usr/lib/x86_64-linux-gnu/libgdk-3.so.0.2200.11
7f4872836000-7f4872837000 rw-p 00000000 00:00 0 
7f4872837000-7f48728e7000 r-xp 00000000 08:06 4331135                    /usr/lib/x86_64-linux-gnu/libgdk-x11-2.0.so.0.2400.31
7f48728e7000-7f4872ae6000 ---p 000b0000 08:06 4331135                    /usr/lib/x86_64-linux-gnu/libgdk-x11-2.0.so.0.2400.31
7f4872ae6000-7f4872aea000 r--p 000af000 08:06 4331135                    /usr/lib/x86_64-linux-gnu/libgdk-x11-2.0.so.0.2400.31
7f4872aea000-7f4872aec000 rw-p 000b3000 08:06 4331135                    /usr/lib/x86_64-linux-gnu/libgdk-x11-2.0.so.0.2400.31
7f4872aec000-7f4872aed000 r-xp 00000000 08:06 4331268                    /usr/lib/x86_64-linux-gnu/libgthread-2.0.so.0.5000.3
7f4872aed000-7f4872cec000 ---p 00001000 08:06 4331268                    /usr/lib/x86_64-linux-gnu/libgthread-2.0.so.0.5000.3
7f4872cec000-7f4872ced000 r--p 00000000 08:06 4331268                    /usr/lib/x86_64-linux-gnu/libgthread-2.0.so.0.5000.3
7f4872ced000-7f4872cee000 rw-p 00001000 08:06 4331268                    /usr/lib/x86_64-linux-gnu/libgthread-2.0.so.0.5000.3
7f4872cee000-7f4872d3b000 r-xp 00000000 08:06 5114272                    /lib/x86_64-linux-gnu/libdbus-1.so.3.14.15
7f4872d3b000-7f4872f3b000 ---p 0004d000 08:06 5114272                    /lib/x86_64-linux-gnu/libdbus-1.so.3.14.15
7f4872f3b000-7f4872f3d000 r--p 0004d000 08:06 5114272                    /lib/x86_64-linux-gnu/libdbus-1.so.3.14.15
7f4872f3d000-7f4872f3e000 rw-p 0004f000 08:06 5114272                    /lib/x86_64-linux-gnu/libdbus-1.so.3.14.15
7f4872f3e000-7f4872f6b000 r-xp 00000000 08:06 4330837                    /usr/lib/x86_64-linux-gnu/libatspi.so.0.0.1
7f4872f6b000-7f487316b000 ---p 0002d000 08:06 4330837                    /usr/lib/x86_64-linux-gnu/libatspi.so.0.0.1
7f487316b000-7f487316e000 r--p 0002d000 08:06 4330837                    /usr/lib/x86_64-linux-gnu/libatspi.so.0.0.1
7f487316e000-7f487316f000 rw-p 00030000 08:06 4330837                    /usr/lib/x86_64-linux-gnu/libatspi.so.0.0.1
7f487316f000-7f487319c000 r-xp 00000000 08:06 4330833                    /usr/lib/x86_64-linux-gnu/libatk-bridge-2.0.so.0.0.0
7f487319c000-7f487339b000 ---p 0002d000 08:06 4330833                    /usr/lib/x86_64-linux-gnu/libatk-bridge-2.0.so.0.0.0
7f487339b000-7f487339c000 r--p 0002c000 08:06 4330833                    /usr/lib/x86_64-linux-gnu/libatk-bridge-2.0.so.0.0.0
7f487339c000-7f487339e000 rw-p 0002d000 08:06 4330833                    /usr/lib/x86_64-linux-gnu/libatk-bridge-2.0.so.0.0.0
7f487339e000-7f48733c1000 r-xp 00000000 08:06 4330831                    /usr/lib/x86_64-linux-gnu/libatk-1.0.so.0.22209.1
7f48733c1000-7f48735c0000 ---p 00023000 08:06 4330831                    /usr/lib/x86_64-linux-gnu/libatk-1.0.so.0.22209.1
7f48735c0000-7f48735c3000 r--p 00022000 08:06 4330831                    /usr/lib/x86_64-linux-gnu/libatk-1.0.so.0.22209.1
7f48735c3000-7f48735c4000 rw-p 00025000 08:06 4330831                    /usr/lib/x86_64-linux-gnu/libatk-1.0.so.0.22209.1
7f48735c4000-7f48735da000 r-xp 00000000 08:06 4459222                    /usr/lib/x86_64-linux-gnu/jni/libatk-wrapper.so.6.0.0
7f48735da000-7f48737d9000 ---p 00016000 08:06 4459222                    /usr/lib/x86_64-linux-gnu/jni/libatk-wrapper.so.6.0.0
7f48737d9000-7f48737da000 r--p 00015000 08:06 4459222                    /usr/lib/x86_64-linux-gnu/jni/libatk-wrapper.so.6.0.0
7f48737da000-7f48737db000 rw-p 00016000 08:06 4459222                    /usr/lib/x86_64-linux-gnu/jni/libatk-wrapper.so.6.0.0
7f48737db000-7f48737ec000 r-xp 00000000 08:06 3941161                    /usr/lib/jvm/java-8-openjdk-amd64/jre/lib/amd64/libnio.so
7f48737ec000-7f48739eb000 ---p 00011000 08:06 3941161                    /usr/lib/jvm/java-8-openjdk-amd64/jre/lib/amd64/libnio.so
7f48739eb000-7f48739ec000 r--p 00010000 08:06 3941161                    /usr/lib/jvm/java-8-openjdk-amd64/jre/lib/amd64/libnio.so
7f48739ec000-7f48739ed000 rw-p 00011000 08:06 3941161                    /usr/lib/jvm/java-8-openjdk-amd64/jre/lib/amd64/libnio.so
7f48739ed000-7f48739f0000 ---p 00000000 00:00 0 
7f48739f0000-7f4873aee000 rw-p 00000000 00:00 0 
7f4873aee000-7f4873af3000 r-xp 00000000 08:06 4330739                    /usr/lib/x86_64-linux-gnu/libXfixes.so.3.1.0
7f4873af3000-7f4873cf2000 ---p 00005000 08:06 4330739                    /usr/lib/x86_64-linux-gnu/libXfixes.so.3.1.0
7f4873cf2000-7f4873cf3000 r--p 00004000 08:06 4330739                    /usr/lib/x86_64-linux-gnu/libXfixes.so.3.1.0
7f4873cf3000-7f4873cf4000 rw-p 00005000 08:06 4330739                    /usr/lib/x86_64-linux-gnu/libXfixes.so.3.1.0
7f4873cf4000-7f4873cfe000 r-xp 00000000 08:06 4330731                    /usr/lib/x86_64-linux-gnu/libXcursor.so.1.0.2
7f4873cfe000-7f4873efd000 ---p 0000a000 08:06 4330731                    /usr/lib/x86_64-linux-gnu/libXcursor.so.1.0.2
7f4873efd000-7f4873efe000 r--p 00009000 08:06 4330731                    /usr/lib/x86_64-linux-gnu/libXcursor.so.1.0.2
7f4873efe000-7f4873eff000 rw-p 0000a000 08:06 4330731                    /usr/lib/x86_64-linux-gnu/libXcursor.so.1.0.2
7f4873eff000-7f4873f02000 ---p 00000000 00:00 0 
7f4873f02000-7f4874000000 rw-p 00000000 00:00 0 
7f4874000000-7f48747ee000 rw-p 00000000 00:00 0 
7f48747ee000-7f4878000000 ---p 00000000 00:00 0 
7f4878000000-7f4878021000 rw-p 00000000 00:00 0 
7f4878021000-7f487c000000 ---p 00000000 00:00 0 
7f487c000000-7f487c48f000 rw-p 00000000 00:00 0 
7f487c48f000-7f4880000000 ---p 00000000 00:00 0 
7f4880000000-7f488064f000 rw-p 00000000 00:00 0 
7f488064f000-7f4884000000 ---p 00000000 00:00 0 
7f4884000000-7f4884002000 r--s 00000000 08:06 3276907                    /var/cache/fontconfig/4b14b093aebc79c320de5e86ae1d3314-le64.cache-4
7f4884002000-7f4884025000 r--s 00000000 08:06 3276853                    /var/cache/fontconfig/b7bc4bef63de29fdcfd13db0e222616e-le64.cache-4
7f4884025000-7f4884026000 r--s 00000000 08:06 3276906                    /var/cache/fontconfig/370e5b74bf5dafc30834de68e24a87a4-le64.cache-4
7f4884026000-7f4884027000 r--s 00000000 08:06 3276867                    /var/cache/fontconfig/d5178ab6d91b49bf20a416737dcea9e8-le64.cache-4
7f4884027000-7f488402a000 r--s 00000000 08:06 3276866                    /var/cache/fontconfig/f259c2cffa685e28062317905db73c4a-le64.cache-4
7f488402a000-7f488402c000 r--s 00000000 08:06 3276899                    /var/cache/fontconfig/550f3886151c940c12a5ed35f6a00586-le64.cache-4
7f488402c000-7f4884037000 r--s 00000000 08:06 3276875                    /var/cache/fontconfig/c1655681e403e3847780de03eacf363b-le64.cache-4
7f4884037000-7f488403a000 r--s 00000000 08:06 3276840                    /var/cache/fontconfig/674d1711f2d1d2a09646eb0bdcadee49-le64.cache-4
7f488403a000-7f4884047000 r--s 00000000 08:06 3276879                    /var/cache/fontconfig/0016f91d272966d80cf1fcd12c9c3815-le64.cache-4
7f4884047000-7f4884049000 r--s 00000000 08:06 3276882                    /var/cache/fontconfig/75994e804c4bf4eaf913a982c1a8d8e9-le64.cache-4
7f4884049000-7f4884055000 r--s 00000000 08:06 3276890                    /var/cache/fontconfig/d589a48862398ed80a3d6066f4f56f4c-le64.cache-4
7f4884055000-7f4884061000 r--s 00000000 08:06 3276850                    /var/cache/fontconfig/a0513722a37733a9dfd54dccd328039d-le64.cache-4
7f4884061000-7f4884065000 r--s 00000000 08:06 3276844                    /var/cache/fontconfig/246184dc75a16901ca37d96895904249-le64.cache-4
7f4884065000-7f4884081000 r--s 00000000 08:06 3276913                    /var/cache/fontconfig/e13b20fdb08344e0e664864cc2ede53d-le64.cache-4
7f4884081000-7f48840b2000 r-xp 00000000 08:06 4331749                    /usr/lib/x86_64-linux-gnu/libpng16.so.16.28.0
7f48840b2000-7f48842b2000 ---p 00031000 08:06 4331749                    /usr/lib/x86_64-linux-gnu/libpng16.so.16.28.0
7f48842b2000-7f48842b3000 r--p 00031000 08:06 4331749                    /usr/lib/x86_64-linux-gnu/libpng16.so.16.28.0
7f48842b3000-7f48842b4000 rw-p 00032000 08:06 4331749                    /usr/lib/x86_64-linux-gnu/libpng16.so.16.28.0
7f48842b4000-7f488435c000 r-xp 00000000 08:06 4331103                    /usr/lib/x86_64-linux-gnu/libfreetype.so.6.12.3
7f488435c000-7f488455c000 ---p 000a8000 08:06 4331103                    /usr/lib/x86_64-linux-gnu/libfreetype.so.6.12.3
7f488455c000-7f4884562000 r--p 000a8000 08:06 4331103                    /usr/lib/x86_64-linux-gnu/libfreetype.so.6.12.3
7f4884562000-7f4884563000 rw-p 000ae000 08:06 4331103                    /usr/lib/x86_64-linux-gnu/libfreetype.so.6.12.3
7f4884563000-7f48845b4000 r-xp 00000000 08:06 3941142                    /usr/lib/jvm/java-8-openjdk-amd64/jre/lib/amd64/libfontmanager.so
7f48845b4000-7f48847b4000 ---p 00051000 08:06 3941142                    /usr/lib/jvm/java-8-openjdk-amd64/jre/lib/amd64/libfontmanager.so
7f48847b4000-7f48847b6000 r--p 00051000 08:06 3941142                    /usr/lib/jvm/java-8-openjdk-amd64/jre/lib/amd64/libfontmanager.so
7f48847b6000-7f48847b7000 rw-p 00053000 08:06 3941142                    /usr/lib/jvm/java-8-openjdk-amd64/jre/lib/amd64/libfontmanager.so
7f48847b7000-7f48847ca000 r-xp 00000000 08:06 5114253                    /lib/x86_64-linux-gnu/libbsd.so.0.8.3
7f48847ca000-7f48849ca000 ---p 00013000 08:06 5114253                    /lib/x86_64-linux-gnu/libbsd.so.0.8.3
7f48849ca000-7f48849cb000 r--p 00013000 08:06 5114253                    /lib/x86_64-linux-gnu/libbsd.so.0.8.3
7f48849cb000-7f48849cc000 rw-p 00014000 08:06 5114253                    /lib/x86_64-linux-gnu/libbsd.so.0.8.3
7f48849cc000-7f48849cd000 rw-p 00000000 00:00 0 
7f48849cd000-7f48849d2000 r-xp 00000000 08:06 4330735                    /usr/lib/x86_64-linux-gnu/libXdmcp.so.6.0.0
7f48849d2000-7f4884bd1000 ---p 00005000 08:06 4330735                    /usr/lib/x86_64-linux-gnu/libXdmcp.so.6.0.0
7f4884bd1000-7f4884bd2000 r--p 00004000 08:06 4330735                    /usr/lib/x86_64-linux-gnu/libXdmcp.so.6.0.0
7f4884bd2000-7f4884bd3000 rw-p 00005000 08:06 4330735                    /usr/lib/x86_64-linux-gnu/libXdmcp.so.6.0.0
7f4884bd3000-7f4884bd6000 r-xp 00000000 08:06 4330724                    /usr/lib/x86_64-linux-gnu/libXau.so.6.0.0
7f4884bd6000-7f4884dd5000 ---p 00003000 08:06 4330724                    /usr/lib/x86_64-linux-gnu/libXau.so.6.0.0
7f4884dd5000-7f4884dd6000 r--p 00002000 08:06 4330724                    /usr/lib/x86_64-linux-gnu/libXau.so.6.0.0
7f4884dd6000-7f4884dd7000 rw-p 00003000 08:06 4330724                    /usr/lib/x86_64-linux-gnu/libXau.so.6.0.0
7f4884dd7000-7f4884dfe000 r-xp 00000000 08:06 4332202                    /usr/lib/x86_64-linux-gnu/libxcb.so.1.1.0
7f4884dfe000-7f4884ffd000 ---p 00027000 08:06 4332202                    /usr/lib/x86_64-linux-gnu/libxcb.so.1.1.0
7f4884ffd000-7f4884ffe000 r--p 00026000 08:06 4332202                    /usr/lib/x86_64-linux-gnu/libxcb.so.1.1.0
7f4884ffe000-7f4884fff000 rw-p 00027000 08:06 4332202                    /usr/lib/x86_64-linux-gnu/libxcb.so.1.1.0
7f4884fff000-7f4888000000 rw-p 00000000 00:00 0 
7f4888000000-7f4888021000 rw-p 00000000 00:00 0 
7f4888021000-7f488c000000 ---p 00000000 00:00 0 
7f488c000000-7f488c021000 rw-p 00000000 00:00 0 
7f488c021000-7f4890000000 ---p 00000000 00:00 0 
7f4890000000-7f4890021000 rw-p 00000000 00:00 0 
7f4890021000-7f4894000000 ---p 00000000 00:00 0 
7f4894000000-7f4894021000 rw-p 00000000 00:00 0 
7f4894021000-7f4898000000 ---p 00000000 00:00 0 
7f4898000000-7f4898021000 rw-p 00000000 00:00 0 
7f4898021000-7f489c000000 ---p 00000000 00:00 0 
7f489c000000-7f489c00d000 r--s 00000000 08:06 3276849                    /var/cache/fontconfig/089dead882dea3570ffc31a9898cfb69-le64.cache-4
7f489c00d000-7f489c091000 r-xp 00000000 08:06 5113832                    /lib/x86_64-linux-gnu/libsystemd.so.0.17.0
7f489c091000-7f489c092000 ---p 00084000 08:06 5113832                    /lib/x86_64-linux-gnu/libsystemd.so.0.17.0
7f489c092000-7f489c095000 r--p 00084000 08:06 5113832                    /lib/x86_64-linux-gnu/libsystemd.so.0.17.0
7f489c095000-7f489c096000 rw-p 00087000 08:06 5113832                    /lib/x86_64-linux-gnu/libsystemd.so.0.17.0
7f489c096000-7f489c097000 rw-p 00000000 00:00 0 
7f489c097000-7f489c09a000 ---p 00000000 00:00 0 
7f489c09a000-7f489c0d0000 rw-p 00000000 00:00 0 
7f489c0d0000-7f489c0df000 r-xp 00000000 08:06 4330747                    /usr/lib/x86_64-linux-gnu/libXi.so.6.1.0
7f489c0df000-7f489c2de000 ---p 0000f000 08:06 4330747                    /usr/lib/x86_64-linux-gnu/libXi.so.6.1.0
7f489c2de000-7f489c2df000 r--p 0000e000 08:06 4330747                    /usr/lib/x86_64-linux-gnu/libXi.so.6.1.0
7f489c2df000-7f489c2e0000 rw-p 0000f000 08:06 4330747                    /usr/lib/x86_64-linux-gnu/libXi.so.6.1.0
7f489c2e0000-7f48a0000000 rw-p 00000000 00:00 0 
7f48a0000000-7f48a0021000 rw-p 00000000 00:00 0 
7f48a0021000-7f48a4000000 ---p 00000000 00:00 0 
7f48a4000000-7f48a4021000 rw-p 00000000 00:00 0 
7f48a4021000-7f48a8000000 ---p 00000000 00:00 0 
7f48a8000000-7f48a8032000 rw-p 00000000 00:00 0 
7f48a8032000-7f48ac000000 ---p 00000000 00:00 0 
7f48ac000000-7f48ac021000 rw-p 00000000 00:00 0 
7f48ac021000-7f48b0000000 ---p 00000000 00:00 0 
7f48b0000000-7f48b0001000 r--s 00000000 08:06 3276916                    /var/cache/fontconfig/551ecf3b0e8b0bca0f25c0944f561853-le64.cache-4
7f48b0001000-7f48b0013000 r--s 00000000 08:06 3291613                    /var/cache/fontconfig/9b89f8e3dae116d678bbf48e5f21f69b-le64.cache-4
7f48b0013000-7f48b0043000 r--p 00000000 08:06 7240194                    /usr/share/locale/ru/LC_MESSAGES/libc.mo
7f48b0043000-7f48b0048000 r-xp 00000000 08:06 4330765                    /usr/lib/x86_64-linux-gnu/libXtst.so.6.1.0
7f48b0048000-7f48b0247000 ---p 00005000 08:06 4330765                    /usr/lib/x86_64-linux-gnu/libXtst.so.6.1.0
7f48b0247000-7f48b0248000 r--p 00004000 08:06 4330765                    /usr/lib/x86_64-linux-gnu/libXtst.so.6.1.0
7f48b0248000-7f48b0249000 rw-p 00005000 08:06 4330765                    /usr/lib/x86_64-linux-gnu/libXtst.so.6.1.0
7f48b0249000-7f48b0252000 r-xp 00000000 08:06 4330759                    /usr/lib/x86_64-linux-gnu/libXrender.so.1.3.0
7f48b0252000-7f48b0451000 ---p 00009000 08:06 4330759                    /usr/lib/x86_64-linux-gnu/libXrender.so.1.3.0
7f48b0451000-7f48b0452000 r--p 00008000 08:06 4330759                    /usr/lib/x86_64-linux-gnu/libXrender.so.1.3.0
7f48b0452000-7f48b0453000 rw-p 00009000 08:06 4330759                    /usr/lib/x86_64-linux-gnu/libXrender.so.1.3.0
7f48b0453000-7f48b058d000 r-xp 00000000 08:06 4330720                    /usr/lib/x86_64-linux-gnu/libX11.so.6.3.0
7f48b058d000-7f48b078d000 ---p 0013a000 08:06 4330720                    /usr/lib/x86_64-linux-gnu/libX11.so.6.3.0
7f48b078d000-7f48b078e000 r--p 0013a000 08:06 4330720                    /usr/lib/x86_64-linux-gnu/libX11.so.6.3.0
7f48b078e000-7f48b0793000 rw-p 0013b000 08:06 4330720                    /usr/lib/x86_64-linux-gnu/libX11.so.6.3.0
7f48b0793000-7f48b07a4000 r-xp 00000000 08:06 4330737                    /usr/lib/x86_64-linux-gnu/libXext.so.6.4.0
7f48b07a4000-7f48b09a3000 ---p 00011000 08:06 4330737                    /usr/lib/x86_64-linux-gnu/libXext.so.6.4.0
7f48b09a3000-7f48b09a4000 r--p 00010000 08:06 4330737                    /usr/lib/x86_64-linux-gnu/libXext.so.6.4.0
7f48b09a4000-7f48b09a5000 rw-p 00011000 08:06 4330737                    /usr/lib/x86_64-linux-gnu/libXext.so.6.4.0
7f48b09a5000-7f48b09a6000 r--s 00000000 08:06 3276856                    /var/cache/fontconfig/88428b1e198e472de31ff5e772121fac-le64.cache-4
7f48b09a6000-7f48b09a7000 r--s 00000000 08:06 3276908                    /var/cache/fontconfig/3f7329c5293ffd510edef78f73874cfd-le64.cache-4
7f48b09a7000-7f48b09ac000 r--s 00000000 08:06 3276842                    /var/cache/fontconfig/12328181160cdb5868bd6310af3ef285-le64.cache-4
7f48b09ac000-7f48b09ad000 r--s 00000000 08:06 3276859                    /var/cache/fontconfig/0c9eb80ebd1c36541ebe2852d3bb0c49-le64.cache-4
7f48b09ad000-7f48b09ae000 r--s 00000000 08:06 3276864                    /var/cache/fontconfig/22368d551a680bfe5a62c02760edf4ea-le64.cache-4
7f48b09ae000-7f48b09af000 r--s 00000000 08:06 3276861                    /var/cache/fontconfig/4d9c95eba1cb85bbcf2878543262124a-le64.cache-4
7f48b09af000-7f48b09b0000 r--s 00000000 08:06 3276886                    /var/cache/fontconfig/49f0de54bdd920fe4f0dfd4cbac43e6b-le64.cache-4
7f48b09b0000-7f48b09b7000 r--s 00000000 08:06 3276877                    /var/cache/fontconfig/53d14c92082a93e67d5078324eb314ca-le64.cache-4
7f48b09b7000-7f48b09bb000 r--s 00000000 08:06 3276863                    /var/cache/fontconfig/6c08beecf0dac481ec92e759e0c2e6d7-le64.cache-4
7f48b09bb000-7f48b09bf000 r--s 00000000 08:06 3276857                    /var/cache/fontconfig/4d6aee6d44eccb37054d3216e945f618-le64.cache-4
7f48b09bf000-7f48b09c4000 r--s 00000000 08:06 3276869                    /var/cache/fontconfig/7ef2298fde41cc6eeb7af42e48b7d293-le64.cache-4
7f48b09c4000-7f48b09c8000 r--p 00000000 08:06 7239667                    /usr/share/locale/ru/LC_MESSAGES/atk10.mo
7f48b09c8000-7f48b0a23000 r-xp 00000000 08:06 3941140                    /usr/lib/jvm/java-8-openjdk-amd64/jre/lib/amd64/libawt_xawt.so
7f48b0a23000-7f48b0c22000 ---p 0005b000 08:06 3941140                    /usr/lib/jvm/java-8-openjdk-amd64/jre/lib/amd64/libawt_xawt.so
7f48b0c22000-7f48b0c23000 r--p 0005a000 08:06 3941140                    /usr/lib/jvm/java-8-openjdk-amd64/jre/lib/amd64/libawt_xawt.so
7f48b0c23000-7f48b0c26000 rw-p 0005b000 08:06 3941140                    /usr/lib/jvm/java-8-openjdk-amd64/jre/lib/amd64/libawt_xawt.so
7f48b0c26000-7f48b0c28000 rw-p 00000000 00:00 0 
7f48b0c28000-7f48b0cc7000 r-xp 00000000 08:06 3941138                    /usr/lib/jvm/java-8-openjdk-amd64/jre/lib/amd64/libawt.so
7f48b0cc7000-7f48b0ec7000 ---p 0009f000 08:06 3941138                    /usr/lib/jvm/java-8-openjdk-amd64/jre/lib/amd64/libawt.so
7f48b0ec7000-7f48b0ec8000 r--p 0009f000 08:06 3941138                    /usr/lib/jvm/java-8-openjdk-amd64/jre/lib/amd64/libawt.so
7f48b0ec8000-7f48b0ed3000 rw-p 000a0000 08:06 3941138                    /usr/lib/jvm/java-8-openjdk-amd64/jre/lib/amd64/libawt.so
7f48b0ed3000-7f48b0ef8000 rw-p 00000000 00:00 0 
7f48b0ef8000-7f48b0ef9000 ---p 00000000 00:00 0 
7f48b0ef9000-7f48b0ff9000 rw-p 00000000 00:00 0 
7f48b0ff9000-7f48b0ffc000 ---p 00000000 00:00 0 
7f48b0ffc000-7f48b10fa000 rw-p 00000000 00:00 0 
7f48b10fa000-7f48b10fb000 ---p 00000000 00:00 0 
7f48b10fb000-7f48b10fe000 ---p 00000000 00:00 0 
7f48b10fe000-7f48b11fb000 rw-p 00000000 00:00 0 
7f48b11fb000-7f48b1212000 r-xp 00000000 08:06 3941160                    /usr/lib/jvm/java-8-openjdk-amd64/jre/lib/amd64/libnet.so
7f48b1212000-7f48b1411000 ---p 00017000 08:06 3941160                    /usr/lib/jvm/java-8-openjdk-amd64/jre/lib/amd64/libnet.so
7f48b1411000-7f48b1412000 r--p 00016000 08:06 3941160                    /usr/lib/jvm/java-8-openjdk-amd64/jre/lib/amd64/libnet.so
7f48b1412000-7f48b1413000 rw-p 00017000 08:06 3941160                    /usr/lib/jvm/java-8-openjdk-amd64/jre/lib/amd64/libnet.so
7f48b1413000-7f48b1414000 ---p 00000000 00:00 0 
7f48b1414000-7f48b1417000 ---p 00000000 00:00 0 
7f48b1417000-7f48b1514000 rw-p 00000000 00:00 0 
7f48b1514000-7f48b1515000 ---p 00000000 00:00 0 
7f48b1515000-7f48b1518000 ---p 00000000 00:00 0 
7f48b1518000-7f48b1615000 rw-p 00000000 00:00 0 
7f48b1615000-7f48b1618000 ---p 00000000 00:00 0 
7f48b1618000-7f48b1716000 rw-p 00000000 00:00 0 
7f48b1716000-7f48b1729000 r--s 00346000 08:06 3941452                    /usr/lib/jvm/java-8-openjdk-amd64/jre/lib/resources.jar
7f48b1729000-7f48b1744000 r--s 00394000 08:06 3941179                    /usr/lib/jvm/java-8-openjdk-amd64/jre/lib/ext/cldrdata.jar
7f48b1744000-7f48b17da000 r--s 007ce000 08:06 6827697                    /usr/share/java/openjfx/jre/lib/ext/jfxrt.jar
7f48b17da000-7f48b17dd000 ---p 00000000 00:00 0 
7f48b17dd000-7f48b18db000 rw-p 00000000 00:00 0 
7f48b18db000-7f48b1a76000 r--p 00000000 08:06 4198943                    /usr/lib/locale/locale-archive
7f48b1a76000-7f48b1a79000 ---p 00000000 00:00 0 
7f48b1a79000-7f48b1b77000 rw-p 00000000 00:00 0 
7f48b1b77000-7f48b1b7a000 ---p 00000000 00:00 0 
7f48b1b7a000-7f48b1c78000 rw-p 00000000 00:00 0 
7f48b1c78000-7f48b1c79000 ---p 00000000 00:00 0 
7f48b1c79000-7f48b2c88000 rw-p 00000000 00:00 0 
7f48b2c88000-7f48b2e57000 r--s 03c3b000 08:06 3941454                    /usr/lib/jvm/java-8-openjdk-amd64/jre/lib/rt.jar
7f48b2e57000-7f48b2ecd000 rw-p 00000000 00:00 0 
7f48b2ecd000-7f48b3a9f000 rw-p 00000000 00:00 0 
7f48b3a9f000-7f48b3aa0000 ---p 00000000 00:00 0 
7f48b3aa0000-7f48b3ba0000 rw-p 00000000 00:00 0 
7f48b3ba0000-7f48b3ba1000 ---p 00000000 00:00 0 
7f48b3ba1000-7f48b3ca1000 rw-p 00000000 00:00 0 
7f48b3ca1000-7f48b3ca2000 ---p 00000000 00:00 0 
7f48b3ca2000-7f48b3da2000 rw-p 00000000 00:00 0 
7f48b3da2000-7f48b3dcc000 rw-p 00000000 00:00 0 
7f48b3dcc000-7f48b402e000 ---p 00000000 00:00 0 
7f48b402e000-7f48b4058000 rw-p 00000000 00:00 0 
7f48b4058000-7f48b42ba000 ---p 00000000 00:00 0 
7f48b42ba000-7f48b42cf000 rw-p 00000000 00:00 0 
7f48b42cf000-7f48b4400000 ---p 00000000 00:00 0 
7f48b4400000-7f48b4412000 rw-p 00000000 00:00 0 
7f48b4412000-7f48b47c1000 ---p 00000000 00:00 0 
7f48b47c1000-7f48b4bd1000 rwxp 00000000 00:00 0 
7f48b4bd1000-7f48c37c1000 ---p 00000000 00:00 0 
7f48c37c1000-7f48c37c9000 r-xp 00000000 08:06 3941168                    /usr/lib/jvm/java-8-openjdk-amd64/jre/lib/amd64/libzip.so
7f48c37c9000-7f48c39c8000 ---p 00008000 08:06 3941168                    /usr/lib/jvm/java-8-openjdk-amd64/jre/lib/amd64/libzip.so
7f48c39c8000-7f48c39c9000 r--p 00007000 08:06 3941168                    /usr/lib/jvm/java-8-openjdk-amd64/jre/lib/amd64/libzip.so
7f48c39c9000-7f48c39ca000 rw-p 00008000 08:06 3941168                    /usr/lib/jvm/java-8-openjdk-amd64/jre/lib/amd64/libzip.so
7f48c39ca000-7f48c39d4000 r-xp 00000000 08:06 5114335                    /lib/x86_64-linux-gnu/libnss_files-2.24.so
7f48c39d4000-7f48c3bd4000 ---p 0000a000 08:06 5114335                    /lib/x86_64-linux-gnu/libnss_files-2.24.so
7f48c3bd4000-7f48c3bd5000 r--p 0000a000 08:06 5114335                    /lib/x86_64-linux-gnu/libnss_files-2.24.so
7f48c3bd5000-7f48c3bd6000 rw-p 0000b000 08:06 5114335                    /lib/x86_64-linux-gnu/libnss_files-2.24.so
7f48c3bd6000-7f48c3bdc000 rw-p 00000000 00:00 0 
7f48c3bdc000-7f48c3be7000 r-xp 00000000 08:06 5114346                    /lib/x86_64-linux-gnu/libnss_nis-2.24.so
7f48c3be7000-7f48c3de6000 ---p 0000b000 08:06 5114346                    /lib/x86_64-linux-gnu/libnss_nis-2.24.so
7f48c3de6000-7f48c3de7000 r--p 0000a000 08:06 5114346                    /lib/x86_64-linux-gnu/libnss_nis-2.24.so
7f48c3de7000-7f48c3de8000 rw-p 0000b000 08:06 5114346                    /lib/x86_64-linux-gnu/libnss_nis-2.24.so
7f48c3de8000-7f48c3dfc000 r-xp 00000000 08:06 5114329                    /lib/x86_64-linux-gnu/libnsl-2.24.so
7f48c3dfc000-7f48c3ffc000 ---p 00014000 08:06 5114329                    /lib/x86_64-linux-gnu/libnsl-2.24.so
7f48c3ffc000-7f48c3ffd000 r--p 00014000 08:06 5114329                    /lib/x86_64-linux-gnu/libnsl-2.24.so
7f48c3ffd000-7f48c3ffe000 rw-p 00015000 08:06 5114329                    /lib/x86_64-linux-gnu/libnsl-2.24.so
7f48c3ffe000-7f48c4000000 rw-p 00000000 00:00 0 
7f48c4000000-7f48c46b1000 rw-p 00000000 00:00 0 
7f48c46b1000-7f48c8000000 ---p 00000000 00:00 0 
7f48c8000000-7f48c8001000 r--s 00000000 08:06 3277131                    /var/cache/fontconfig/4b2eda6bb976bda485cb2176619421d5-le64.cache-4
7f48c8001000-7f48c8002000 r--s 00000000 08:06 3276848                    /var/cache/fontconfig/3fe29f0c9fa221c8ee16555d4835b3ab-le64.cache-4
7f48c8002000-7f48c8009000 r--s 00000000 08:06 4458785                    /usr/lib/x86_64-linux-gnu/gconv/gconv-modules.cache
7f48c8009000-7f48c800e000 r--s 002f9000 08:06 3941171                    /usr/lib/jvm/java-8-openjdk-amd64/jre/lib/charsets.jar
7f48c800e000-7f48c8010000 r--s 0001a000 08:06 18482260                   /home/gauss/.local/share/JetBrains/Toolbox/apps/IDEA-U/ch-0/183.5912.21/lib/idea_rt.jar
7f48c8010000-7f48c801a000 r--s 00116000 08:06 3941183                    /usr/lib/jvm/java-8-openjdk-amd64/jre/lib/ext/localedata.jar
7f48c801a000-7f48c8035000 r--s 001d6000 08:06 3941184                    /usr/lib/jvm/java-8-openjdk-amd64/jre/lib/ext/nashorn.jar
7f48c8035000-7f48c8036000 ---p 00000000 00:00 0 
7f48c8036000-7f48c8136000 rw-p 00000000 00:00 0 
7f48c8136000-7f48c813d000 r-xp 00000000 08:06 5114331                    /lib/x86_64-linux-gnu/libnss_compat-2.24.so
7f48c813d000-7f48c833c000 ---p 00007000 08:06 5114331                    /lib/x86_64-linux-gnu/libnss_compat-2.24.so
7f48c833c000-7f48c833d000 r--p 00006000 08:06 5114331                    /lib/x86_64-linux-gnu/libnss_compat-2.24.so
7f48c833d000-7f48c833e000 rw-p 00007000 08:06 5114331                    /lib/x86_64-linux-gnu/libnss_compat-2.24.so
7f48c833e000-7f48c8348000 r-xp 00000000 08:06 3941144                    /usr/lib/jvm/java-8-openjdk-amd64/jre/lib/amd64/libinstrument.so
7f48c8348000-7f48c8547000 ---p 0000a000 08:06 3941144                    /usr/lib/jvm/java-8-openjdk-amd64/jre/lib/amd64/libinstrument.so
7f48c8547000-7f48c8548000 r--p 00009000 08:06 3941144                    /usr/lib/jvm/java-8-openjdk-amd64/jre/lib/amd64/libinstrument.so
7f48c8548000-7f48c8549000 rw-p 0000a000 08:06 3941144                    /usr/lib/jvm/java-8-openjdk-amd64/jre/lib/amd64/libinstrument.so
7f48c8549000-7f48c8575000 r-xp 00000000 08:06 3941149                    /usr/lib/jvm/java-8-openjdk-amd64/jre/lib/amd64/libjava.so
7f48c8575000-7f48c8774000 ---p 0002c000 08:06 3941149                    /usr/lib/jvm/java-8-openjdk-amd64/jre/lib/amd64/libjava.so
7f48c8774000-7f48c8775000 r--p 0002b000 08:06 3941149                    /usr/lib/jvm/java-8-openjdk-amd64/jre/lib/amd64/libjava.so
7f48c8775000-7f48c8777000 rw-p 0002c000 08:06 3941149                    /usr/lib/jvm/java-8-openjdk-amd64/jre/lib/amd64/libjava.so
7f48c8777000-7f48c8786000 r-xp 00000000 08:06 3941167                    /usr/lib/jvm/java-8-openjdk-amd64/jre/lib/amd64/libverify.so
7f48c8786000-7f48c8985000 ---p 0000f000 08:06 3941167                    /usr/lib/jvm/java-8-openjdk-amd64/jre/lib/amd64/libverify.so
7f48c8985000-7f48c8987000 r--p 0000e000 08:06 3941167                    /usr/lib/jvm/java-8-openjdk-amd64/jre/lib/amd64/libverify.so
7f48c8987000-7f48c8988000 rw-p 00010000 08:06 3941167                    /usr/lib/jvm/java-8-openjdk-amd64/jre/lib/amd64/libverify.so
7f48c8988000-7f48c898f000 r-xp 00000000 08:06 5114377                    /lib/x86_64-linux-gnu/librt-2.24.so
7f48c898f000-7f48c8b8e000 ---p 00007000 08:06 5114377                    /lib/x86_64-linux-gnu/librt-2.24.so
7f48c8b8e000-7f48c8b8f000 r--p 00006000 08:06 5114377                    /lib/x86_64-linux-gnu/librt-2.24.so
7f48c8b8f000-7f48c8b90000 rw-p 00007000 08:06 5114377                    /lib/x86_64-linux-gnu/librt-2.24.so
7f48c8b90000-7f48c8ba6000 r-xp 00000000 08:06 5114288                    /lib/x86_64-linux-gnu/libgcc_s.so.1
7f48c8ba6000-7f48c8da5000 ---p 00016000 08:06 5114288                    /lib/x86_64-linux-gnu/libgcc_s.so.1
7f48c8da5000-7f48c8da6000 r--p 00015000 08:06 5114288                    /lib/x86_64-linux-gnu/libgcc_s.so.1
7f48c8da6000-7f48c8da7000 rw-p 00016000 08:06 5114288                    /lib/x86_64-linux-gnu/libgcc_s.so.1
7f48c8da7000-7f48c8eaa000 r-xp 00000000 08:06 5114312                    /lib/x86_64-linux-gnu/libm-2.24.so
7f48c8eaa000-7f48c90a9000 ---p 00103000 08:06 5114312                    /lib/x86_64-linux-gnu/libm-2.24.so
7f48c90a9000-7f48c90aa000 r--p 00102000 08:06 5114312                    /lib/x86_64-linux-gnu/libm-2.24.so
7f48c90aa000-7f48c90ab000 rw-p 00103000 08:06 5114312                    /lib/x86_64-linux-gnu/libm-2.24.so
7f48c90ab000-7f48c921d000 r-xp 00000000 08:06 4331973                    /usr/lib/x86_64-linux-gnu/libstdc++.so.6.0.22
7f48c921d000-7f48c941d000 ---p 00172000 08:06 4331973                    /usr/lib/x86_64-linux-gnu/libstdc++.so.6.0.22
7f48c941d000-7f48c9427000 r--p 00172000 08:06 4331973                    /usr/lib/x86_64-linux-gnu/libstdc++.so.6.0.22
7f48c9427000-7f48c9429000 rw-p 0017c000 08:06 4331973                    /usr/lib/x86_64-linux-gnu/libstdc++.so.6.0.22
7f48c9429000-7f48c942d000 rw-p 00000000 00:00 0 
7f48c942d000-7f48ca093000 r-xp 00000000 08:06 3941170                    /usr/lib/jvm/java-8-openjdk-amd64/jre/lib/amd64/server/libjvm.so
7f48ca093000-7f48ca292000 ---p 00c66000 08:06 3941170                    /usr/lib/jvm/java-8-openjdk-amd64/jre/lib/amd64/server/libjvm.so
7f48ca292000-7f48ca326000 r--p 00c65000 08:06 3941170                    /usr/lib/jvm/java-8-openjdk-amd64/jre/lib/amd64/server/libjvm.so
7f48ca326000-7f48ca34f000 rw-p 00cf9000 08:06 3941170                    /usr/lib/jvm/java-8-openjdk-amd64/jre/lib/amd64/server/libjvm.so
7f48ca34f000-7f48ca37f000 rw-p 00000000 00:00 0 
7f48ca37f000-7f48ca514000 r-xp 00000000 08:06 5114257                    /lib/x86_64-linux-gnu/libc-2.24.so
7f48ca514000-7f48ca714000 ---p 00195000 08:06 5114257                    /lib/x86_64-linux-gnu/libc-2.24.so
7f48ca714000-7f48ca718000 r--p 00195000 08:06 5114257                    /lib/x86_64-linux-gnu/libc-2.24.so
7f48ca718000-7f48ca71a000 rw-p 00199000 08:06 5114257                    /lib/x86_64-linux-gnu/libc-2.24.so
7f48ca71a000-7f48ca71e000 rw-p 00000000 00:00 0 
7f48ca71e000-7f48ca721000 r-xp 00000000 08:06 5114274                    /lib/x86_64-linux-gnu/libdl-2.24.so
7f48ca721000-7f48ca920000 ---p 00003000 08:06 5114274                    /lib/x86_64-linux-gnu/libdl-2.24.so
7f48ca920000-7f48ca921000 r--p 00002000 08:06 5114274                    /lib/x86_64-linux-gnu/libdl-2.24.so
7f48ca921000-7f48ca922000 rw-p 00003000 08:06 5114274                    /lib/x86_64-linux-gnu/libdl-2.24.so
7f48ca922000-7f48ca92f000 r-xp 00000000 08:06 3941135                    /usr/lib/jvm/java-8-openjdk-amd64/jre/lib/amd64/jli/libjli.so
7f48ca92f000-7f48cab2e000 ---p 0000d000 08:06 3941135                    /usr/lib/jvm/java-8-openjdk-amd64/jre/lib/amd64/jli/libjli.so
7f48cab2e000-7f48cab2f000 r--p 0000c000 08:06 3941135                    /usr/lib/jvm/java-8-openjdk-amd64/jre/lib/amd64/jli/libjli.so
7f48cab2f000-7f48cab30000 rw-p 0000d000 08:06 3941135                    /usr/lib/jvm/java-8-openjdk-amd64/jre/lib/amd64/jli/libjli.so
7f48cab30000-7f48cab49000 r-xp 00000000 08:06 5114411                    /lib/x86_64-linux-gnu/libz.so.1.2.8
7f48cab49000-7f48cad48000 ---p 00019000 08:06 5114411                    /lib/x86_64-linux-gnu/libz.so.1.2.8
7f48cad48000-7f48cad49000 r--p 00018000 08:06 5114411                    /lib/x86_64-linux-gnu/libz.so.1.2.8
7f48cad49000-7f48cad4a000 rw-p 00019000 08:06 5114411                    /lib/x86_64-linux-gnu/libz.so.1.2.8
7f48cad4a000-7f48cad62000 r-xp 00000000 08:06 5114369                    /lib/x86_64-linux-gnu/libpthread-2.24.so
7f48cad62000-7f48caf61000 ---p 00018000 08:06 5114369                    /lib/x86_64-linux-gnu/libpthread-2.24.so
7f48caf61000-7f48caf62000 r--p 00017000 08:06 5114369                    /lib/x86_64-linux-gnu/libpthread-2.24.so
7f48caf62000-7f48caf63000 rw-p 00018000 08:06 5114369                    /lib/x86_64-linux-gnu/libpthread-2.24.so
7f48caf63000-7f48caf67000 rw-p 00000000 00:00 0 
7f48caf67000-7f48caf8a000 r-xp 00000000 08:06 5114229                    /lib/x86_64-linux-gnu/ld-2.24.so
7f48caf8a000-7f48caf8e000 r--s 000a1000 08:06 3941200                    /usr/lib/jvm/java-8-openjdk-amd64/jre/lib/jsse.jar
7f48caf8e000-7f48caf90000 r--s 00007000 08:06 6827699                    /usr/share/java/openjfx/jre/lib/jfxswt.jar
7f48caf90000-7f48caf92000 r--s 00016000 08:06 3941198                    /usr/lib/jvm/java-8-openjdk-amd64/jre/lib/jce.jar
7f48caf92000-7f48cb03b000 rw-p 00000000 00:00 0 
7f48cb03b000-7f48cb062000 rw-p 00000000 00:00 0 
7f48cb062000-7f48cb063000 ---p 00000000 00:00 0 
7f48cb063000-7f48cb066000 ---p 00000000 00:00 0 
7f48cb066000-7f48cb167000 rw-p 00000000 00:00 0 
7f48cb167000-7f48cb168000 r--s 00000000 08:06 3941202                    /usr/lib/jvm/java-8-openjdk-amd64/jre/lib/management-agent.jar
7f48cb168000-7f48cb16d000 r--s 002f9000 08:06 3941171                    /usr/lib/jvm/java-8-openjdk-amd64/jre/lib/charsets.jar
7f48cb16d000-7f48cb16f000 r--s 00007000 08:06 6823681                    /usr/share/java/java-atk-wrapper.jar
7f48cb16f000-7f48cb171000 r--s 00001000 08:06 3941180                    /usr/lib/jvm/java-8-openjdk-amd64/jre/lib/ext/dnsns.jar
7f48cb171000-7f48cb174000 r--s 00039000 08:06 3941187                    /usr/lib/jvm/java-8-openjdk-amd64/jre/lib/ext/sunpkcs11.jar
7f48cb174000-7f48cb175000 r--s 00010000 08:06 3941188                    /usr/lib/jvm/java-8-openjdk-amd64/jre/lib/ext/zipfs.jar
7f48cb175000-7f48cb17a000 r--s 0003c000 08:06 3941186                    /usr/lib/jvm/java-8-openjdk-amd64/jre/lib/ext/sunjce_provider.jar
7f48cb17a000-7f48cb17c000 r--s 00008000 08:06 3941185                    /usr/lib/jvm/java-8-openjdk-amd64/jre/lib/ext/sunec.jar
7f48cb17c000-7f48cb17f000 r--s 0000f000 08:06 3941181                    /usr/lib/jvm/java-8-openjdk-amd64/jre/lib/ext/icedtea-sound.jar
7f48cb17f000-7f48cb180000 r--s 0000a000 08:06 3941182                    /usr/lib/jvm/java-8-openjdk-amd64/jre/lib/ext/jaccess.jar
7f48cb180000-7f48cb188000 rw-s 00000000 08:06 2363637                    /tmp/hsperfdata_gauss/17500
7f48cb188000-7f48cb189000 rw-p 00000000 00:00 0 
7f48cb189000-7f48cb18a000 r--p 00000000 00:00 0 
7f48cb18a000-7f48cb18b000 r--p 00023000 08:06 5114229                    /lib/x86_64-linux-gnu/ld-2.24.so
7f48cb18b000-7f48cb18c000 rw-p 00024000 08:06 5114229                    /lib/x86_64-linux-gnu/ld-2.24.so
7f48cb18c000-7f48cb18d000 rw-p 00000000 00:00 0 
7ffc6f29a000-7ffc6f2bb000 rw-p 00000000 00:00 0                          [stack]
7ffc6f2c6000-7ffc6f2c8000 r--p 00000000 00:00 0                          [vvar]
7ffc6f2c8000-7ffc6f2ca000 r-xp 00000000 00:00 0                          [vdso]
ffffffffff600000-ffffffffff601000 r-xp 00000000 00:00 0                  [vsyscall]

VM Arguments:
jvm_args: -javaagent:/home/gauss/.local/share/JetBrains/Toolbox/apps/IDEA-U/ch-0/183.5912.21/lib/idea_rt.jar=42679:/home/gauss/.local/share/JetBrains/Toolbox/apps/IDEA-U/ch-0/183.5912.21/bin -Dfile.encoding=UTF-8 
java_command: com.sokolovskyi.jasm.ide.Note
java_class_path (initial): /usr/lib/jvm/java-8-openjdk-amd64/jre/lib/charsets.jar:/usr/lib/jvm/java-8-openjdk-amd64/jre/lib/ext/cldrdata.jar:/usr/lib/jvm/java-8-openjdk-amd64/jre/lib/ext/dnsns.jar:/usr/lib/jvm/java-8-openjdk-amd64/jre/lib/ext/icedtea-sound.jar:/usr/lib/jvm/java-8-openjdk-amd64/jre/lib/ext/jaccess.jar:/usr/lib/jvm/java-8-openjdk-amd64/jre/lib/ext/java-atk-wrapper.jar:/usr/lib/jvm/java-8-openjdk-amd64/jre/lib/ext/jfxrt.jar:/usr/lib/jvm/java-8-openjdk-amd64/jre/lib/ext/localedata.jar:/usr/lib/jvm/java-8-openjdk-amd64/jre/lib/ext/nashorn.jar:/usr/lib/jvm/java-8-openjdk-amd64/jre/lib/ext/sunec.jar:/usr/lib/jvm/java-8-openjdk-amd64/jre/lib/ext/sunjce_provider.jar:/usr/lib/jvm/java-8-openjdk-amd64/jre/lib/ext/sunpkcs11.jar:/usr/lib/jvm/java-8-openjdk-amd64/jre/lib/ext/zipfs.jar:/usr/lib/jvm/java-8-openjdk-amd64/jre/lib/jce.jar:/usr/lib/jvm/java-8-openjdk-amd64/jre/lib/jfxswt.jar:/usr/lib/jvm/java-8-openjdk-amd64/jre/lib/jsse.jar:/usr/lib/jvm/java-8-openjdk-amd64/jre/lib/management-agent.jar:/usr/lib/jvm/java-8-openjdk-amd64/jre/lib/resources.jar:/usr/lib/jvm/java-8-openjdk-amd64/jre/lib/rt.jar:/home/gauss/IdeaProjects/JASM/out/production/JASM:/home/gauss/.local/share/JetBrains/Toolbox/apps/IDEA-U/ch-0/183.5912.21/lib/idea_rt.jar
Launcher Type: SUN_STANDARD

Environment Variables:
PATH=/usr/local/bin:/usr/bin:/bin:/usr/local/games:/usr/games
SHELL=/bin/bash
DISPLAY=:0

Signal Handlers:
SIGSEGV: [libjvm.so+0xa79db0], sa_mask[0]=11111111011111111101111111111110, sa_flags=SA_RESTART|SA_SIGINFO
SIGBUS: [libjvm.so+0xa79db0], sa_mask[0]=11111111011111111101111111111110, sa_flags=SA_RESTART|SA_SIGINFO
SIGFPE: [libjvm.so+0x8c24e0], sa_mask[0]=11111111011111111101111111111110, sa_flags=SA_RESTART|SA_SIGINFO
SIGPIPE: [libjvm.so+0x8c24e0], sa_mask[0]=11111111011111111101111111111110, sa_flags=SA_RESTART|SA_SIGINFO
SIGXFSZ: [libjvm.so+0x8c24e0], sa_mask[0]=11111111011111111101111111111110, sa_flags=SA_RESTART|SA_SIGINFO
SIGILL: [libjvm.so+0x8c24e0], sa_mask[0]=11111111011111111101111111111110, sa_flags=SA_RESTART|SA_SIGINFO
SIGUSR1: SIG_DFL, sa_mask[0]=00000000000000000000000000000000, sa_flags=none
SIGUSR2: [libjvm.so+0x8c2390], sa_mask[0]=00100000000000000000000000000000, sa_flags=SA_RESTART|SA_SIGINFO
SIGHUP: [libjvm.so+0x8c2a00], sa_mask[0]=11111111011111111101111111111110, sa_flags=SA_RESTART|SA_SIGINFO
SIGINT: [libjvm.so+0x8c2a00], sa_mask[0]=11111111011111111101111111111110, sa_flags=SA_RESTART|SA_SIGINFO
SIGTERM: [libjvm.so+0x8c2a00], sa_mask[0]=11111111011111111101111111111110, sa_flags=SA_RESTART|SA_SIGINFO
SIGQUIT: [libjvm.so+0x8c2a00], sa_mask[0]=11111111011111111101111111111110, sa_flags=SA_RESTART|SA_SIGINFO


---------------  S Y S T E M  ---------------

OS:PRETTY_NAME="Debian GNU/Linux 9 (stretch)"
NAME="Debian GNU/Linux"
VERSION_ID="9"
VERSION="9 (stretch)"
ID=debian
HOME_URL="https://www.debian.org/"
SUPPORT_URL="https://www.debian.org/support"
BUG_REPORT_URL="https://bugs.debian.org/"

uname:Linux 4.9.0-8-amd64 #1 SMP Debian 4.9.144-3 (2019-02-02) x86_64
libc:glibc 2.24 NPTL 2.24 
rlimit: STACK 8192k, CORE 0k, NPROC 31148, NOFILE 1048576, AS infinity
load average:1,28 0,64 0,45

/proc/meminfo:
MemTotal:        8003696 kB
MemFree:         4435084 kB
MemAvailable:    5944184 kB
Buffers:           90616 kB
Cached:          1655960 kB
SwapCached:            0 kB
Active:          2285988 kB
Inactive:        1035044 kB
Active(anon):    1575708 kB
Inactive(anon):    48972 kB
Active(file):     710280 kB
Inactive(file):   986072 kB
Unevictable:          32 kB
Mlocked:              32 kB
SwapTotal:       8211452 kB
SwapFree:        8211452 kB
Dirty:               108 kB
Writeback:          3592 kB
AnonPages:       1574316 kB
Mapped:           325188 kB
Shmem:             49976 kB
Slab:             120528 kB
SReclaimable:      76612 kB
SUnreclaim:        43916 kB
KernelStack:        5516 kB
PageTables:        20388 kB
NFS_Unstable:          0 kB
Bounce:                0 kB
WritebackTmp:          0 kB
CommitLimit:    12213300 kB
Committed_AS:    3129464 kB
VmallocTotal:   34359738367 kB
VmallocUsed:           0 kB
VmallocChunk:          0 kB
HardwareCorrupted:     0 kB
AnonHugePages:         0 kB
ShmemHugePages:        0 kB
ShmemPmdMapped:        0 kB
HugePages_Total:       0
HugePages_Free:        0
HugePages_Rsvd:        0
HugePages_Surp:        0
Hugepagesize:       2048 kB
DirectMap4k:      129424 kB
DirectMap2M:     4937728 kB
DirectMap1G:     4194304 kB

container (cgroup) information:
container_type: cgroupv1
cpu_cpuset_cpus: 0-3
cpu_memory_nodes: 0
active_processor_count: 4
cpu_quota: -1
cpu_period: 100000
cpu_shares: -1
memory_limit_in_bytes: -1
memory_and_swap_limit_in_bytes: -2
memory_soft_limit_in_bytes: -1
memory_usage_in_bytes: 3400568832
memory_max_usage_in_bytes: 0


CPU:total 4 (initial active 4) (4 cores per cpu, 1 threads per core) family 6 model 94 stepping 3, cmov, cx8, fxsr, mmx, sse, sse2, sse3, ssse3, sse4.1, sse4.2, popcnt, avx, avx2, aes, clmul, erms, rtm, 3dnowpref, lzcnt, tsc, tscinvbit, bmi1, bmi2, adx

/proc/cpuinfo:
processor	: 0
vendor_id	: GenuineIntel
cpu family	: 6
model		: 94
model name	: Intel(R) Core(TM) i5-6300HQ CPU @ 2.30GHz
stepping	: 3
microcode	: 0xc6
cpu MHz		: 1027.307
cache size	: 6144 KB
physical id	: 0
siblings	: 4
core id		: 0
cpu cores	: 4
apicid		: 0
initial apicid	: 0
fpu		: yes
fpu_exception	: yes
cpuid level	: 22
wp		: yes
flags		: fpu vme de pse tsc msr pae mce cx8 apic sep mtrr pge mca cmov pat pse36 clflush dts acpi mmx fxsr sse sse2 ss ht tm pbe syscall nx pdpe1gb rdtscp lm constant_tsc art arch_perfmon pebs bts rep_good nopl xtopology nonstop_tsc aperfmperf pni pclmulqdq dtes64 monitor ds_cpl vmx est tm2 ssse3 sdbg fma cx16 xtpr pdcm pcid sse4_1 sse4_2 x2apic movbe popcnt tsc_deadline_timer aes xsave avx f16c rdrand lahf_lm abm 3dnowprefetch epb invpcid_single ssbd ibrs ibpb stibp kaiser tpr_shadow vnmi flexpriority ept vpid fsgsbase tsc_adjust bmi1 hle avx2 smep bmi2 erms invpcid rtm mpx rdseed adx smap clflushopt intel_pt xsaveopt xsavec xgetbv1 xsaves dtherm ida arat pln pts hwp hwp_notify hwp_act_window hwp_epp flush_l1d
bugs		: cpu_meltdown spectre_v1 spectre_v2 spec_store_bypass l1tf
bogomips	: 4608.00
clflush size	: 64
cache_alignment	: 64
address sizes	: 39 bits physical, 48 bits virtual
power management:

processor	: 1
vendor_id	: GenuineIntel
cpu family	: 6
model		: 94
model name	: Intel(R) Core(TM) i5-6300HQ CPU @ 2.30GHz
stepping	: 3
microcode	: 0xc6
cpu MHz		: 1243.212
cache size	: 6144 KB
physical id	: 0
siblings	: 4
core id		: 1
cpu cores	: 4
apicid		: 2
initial apicid	: 2
fpu		: yes
fpu_exception	: yes
cpuid level	: 22
wp		: yes
flags		: fpu vme de pse tsc msr pae mce cx8 apic sep mtrr pge mca cmov pat pse36 clflush dts acpi mmx fxsr sse sse2 ss ht tm pbe syscall nx pdpe1gb rdtscp lm constant_tsc art arch_perfmon pebs bts rep_good nopl xtopology nonstop_tsc aperfmperf pni pclmulqdq dtes64 monitor ds_cpl vmx est tm2 ssse3 sdbg fma cx16 xtpr pdcm pcid sse4_1 sse4_2 x2apic movbe popcnt tsc_deadline_timer aes xsave avx f16c rdrand lahf_lm abm 3dnowprefetch epb invpcid_single ssbd ibrs ibpb stibp kaiser tpr_shadow vnmi flexpriority ept vpid fsgsbase tsc_adjust bmi1 hle avx2 smep bmi2 erms invpcid rtm mpx rdseed adx smap clflushopt intel_pt xsaveopt xsavec xgetbv1 xsaves dtherm ida arat pln pts hwp hwp_notify hwp_act_window hwp_epp flush_l1d
bugs		: cpu_meltdown spectre_v1 spectre_v2 spec_store_bypass l1tf
bogomips	: 4608.00
clflush size	: 64
cache_alignment	: 64
address sizes	: 39 bits physical, 48 bits virtual
power management:

processor	: 2
vendor_id	: GenuineIntel
cpu family	: 6
model		: 94
model name	: Intel(R) Core(TM) i5-6300HQ CPU @ 2.30GHz
stepping	: 3
microcode	: 0xc6
cpu MHz		: 1258.654
cache size	: 6144 KB
physical id	: 0
siblings	: 4
core id		: 2
cpu cores	: 4
apicid		: 4
initial apicid	: 4
fpu		: yes
fpu_exception	: yes
cpuid level	: 22
wp		: yes
flags		: fpu vme de pse tsc msr pae mce cx8 apic sep mtrr pge mca cmov pat pse36 clflush dts acpi mmx fxsr sse sse2 ss ht tm pbe syscall nx pdpe1gb rdtscp lm constant_tsc art arch_perfmon pebs bts rep_good nopl xtopology nonstop_tsc aperfmperf pni pclmulqdq dtes64 monitor ds_cpl vmx est tm2 ssse3 sdbg fma cx16 xtpr pdcm pcid sse4_1 sse4_2 x2apic movbe popcnt tsc_deadline_timer aes xsave avx f16c rdrand lahf_lm abm 3dnowprefetch epb invpcid_single ssbd ibrs ibpb stibp kaiser tpr_shadow vnmi flexpriority ept vpid fsgsbase tsc_adjust bmi1 hle avx2 smep bmi2 erms invpcid rtm mpx rdseed adx smap clflushopt intel_pt xsaveopt xsavec xgetbv1 xsaves dtherm ida arat pln pts hwp hwp_notify hwp_act_window hwp_epp flush_l1d
bugs		: cpu_meltdown spectre_v1 spectre_v2 spec_store_bypass l1tf
bogomips	: 4608.00
clflush size	: 64
cache_alignment	: 64
address sizes	: 39 bits physical, 48 bits virtual
power management:

processor	: 3
vendor_id	: GenuineIntel
cpu family	: 6
model		: 94
model name	: Intel(R) Core(TM) i5-6300HQ CPU @ 2.30GHz
stepping	: 3
microcode	: 0xc6
cpu MHz		: 968.066
cache size	: 6144 KB
physical id	: 0
siblings	: 4
core id		: 3
cpu cores	: 4
apicid		: 6
initial apicid	: 6
fpu		: yes
fpu_exception	: yes
cpuid level	: 22
wp		: yes
flags		: fpu vme de pse tsc msr pae mce cx8 apic sep mtrr pge mca cmov pat pse36 clflush dts acpi mmx fxsr sse sse2 ss ht tm pbe syscall nx pdpe1gb rdtscp lm constant_tsc art arch_perfmon pebs bts rep_good nopl xtopology nonstop_tsc aperfmperf pni pclmulqdq dtes64 monitor ds_cpl vmx est tm2 ssse3 sdbg fma cx16 xtpr pdcm pcid sse4_1 sse4_2 x2apic movbe popcnt tsc_deadline_timer aes xsave avx f16c rdrand lahf_lm abm 3dnowprefetch epb invpcid_single ssbd ibrs ibpb stibp kaiser tpr_shadow vnmi flexpriority ept vpid fsgsbase tsc_adjust bmi1 hle avx2 smep bmi2 erms invpcid rtm mpx rdseed adx smap clflushopt intel_pt xsaveopt xsavec xgetbv1 xsaves dtherm ida arat pln pts hwp hwp_notify hwp_act_window hwp_epp flush_l1d
bugs		: cpu_meltdown spectre_v1 spectre_v2 spec_store_bypass l1tf
bogomips	: 4608.00
clflush size	: 64
cache_alignment	: 64
address sizes	: 39 bits physical, 48 bits virtual
power management:



Memory: 4k page, physical 8003696k(4435084k free), swap 8211452k(8211452k free)

vm_info: OpenJDK 64-Bit Server VM (25.212-b01) for linux-amd64 JRE (1.8.0_212-8u212-b01-1~deb9u1-b01), built on Mar 18 2019 23:06:47 by "jmm" with gcc 6.3.0 20170516

time: Fri Mar 22 15:47:59 2019
timezone: EET
elapsed time: 258 seconds (0d 0h 4m 18s)

